TN:
SF:src/@shared/types/errors.ts
FN:15,(anonymous_0)
FN:30,(anonymous_1)
FN:44,(anonymous_2)
FN:54,(anonymous_3)
FN:71,(anonymous_4)
FN:88,(anonymous_5)
FN:105,(anonymous_6)
FN:122,(anonymous_7)
FN:139,(anonymous_8)
FN:156,(anonymous_9)
FN:173,(anonymous_10)
FN:190,(anonymous_11)
FN:207,(anonymous_12)
FN:225,(anonymous_13)
FNF:14
FNH:0
FNDA:0,(anonymous_0)
FNDA:0,(anonymous_1)
FNDA:0,(anonymous_2)
FNDA:0,(anonymous_3)
FNDA:0,(anonymous_4)
FNDA:0,(anonymous_5)
FNDA:0,(anonymous_6)
FNDA:0,(anonymous_7)
FNDA:0,(anonymous_8)
FNDA:0,(anonymous_9)
FNDA:0,(anonymous_10)
FNDA:0,(anonymous_11)
FNDA:0,(anonymous_12)
FNDA:0,(anonymous_13)
DA:9,0
DA:21,0
DA:22,0
DA:23,0
DA:24,0
DA:25,0
DA:26,0
DA:27,0
DA:31,0
DA:43,0
DA:45,0
DA:50,0
DA:60,0
DA:61,0
DA:62,0
DA:67,0
DA:77,0
DA:78,0
DA:79,0
DA:84,0
DA:94,0
DA:95,0
DA:96,0
DA:101,0
DA:111,0
DA:112,0
DA:113,0
DA:118,0
DA:128,0
DA:129,0
DA:130,0
DA:135,0
DA:145,0
DA:146,0
DA:147,0
DA:152,0
DA:162,0
DA:163,0
DA:164,0
DA:169,0
DA:179,0
DA:180,0
DA:181,0
DA:186,0
DA:196,0
DA:197,0
DA:198,0
DA:203,0
DA:213,0
DA:214,0
DA:215,0
DA:220,0
DA:232,0
DA:233,0
DA:234,0
DA:235,0
DA:240,0
LF:57
LH:0
BRDA:18,0,0,0
BRDA:19,1,0,0
BRDA:44,2,0,0
BRDA:58,3,0,0
BRDA:75,4,0,0
BRDA:92,5,0,0
BRDA:108,6,0,0
BRDA:109,7,0,0
BRDA:126,8,0,0
BRDA:143,9,0,0
BRDA:160,10,0,0
BRDA:177,11,0,0
BRDA:194,12,0,0
BRDA:211,13,0,0
BRDA:230,14,0,0
BRF:15
BRH:0
end_of_record
TN:
SF:src/channels/mobile.ts
FN:89,(anonymous_9)
FN:94,(anonymous_10)
FN:99,(anonymous_11)
FN:113,(anonymous_12)
FN:121,(anonymous_13)
FN:135,(anonymous_14)
FN:137,(anonymous_15)
FN:149,(anonymous_16)
FN:182,(anonymous_17)
FN:194,(anonymous_18)
FN:195,(anonymous_19)
FN:216,(anonymous_20)
FN:217,(anonymous_21)
FN:240,(anonymous_22)
FN:262,(anonymous_23)
FN:264,(anonymous_24)
FN:268,(anonymous_25)
FN:280,(anonymous_26)
FN:285,(anonymous_27)
FN:286,(anonymous_28)
FN:294,(anonymous_29)
FN:304,(anonymous_30)
FN:315,(anonymous_31)
FN:320,(anonymous_32)
FN:321,(anonymous_33)
FN:325,(anonymous_34)
FN:328,(anonymous_35)
FN:362,(anonymous_36)
FN:377,(anonymous_37)
FN:424,(anonymous_38)
FNF:30
FNH:0
FNDA:0,(anonymous_9)
FNDA:0,(anonymous_10)
FNDA:0,(anonymous_11)
FNDA:0,(anonymous_12)
FNDA:0,(anonymous_13)
FNDA:0,(anonymous_14)
FNDA:0,(anonymous_15)
FNDA:0,(anonymous_16)
FNDA:0,(anonymous_17)
FNDA:0,(anonymous_18)
FNDA:0,(anonymous_19)
FNDA:0,(anonymous_20)
FNDA:0,(anonymous_21)
FNDA:0,(anonymous_22)
FNDA:0,(anonymous_23)
FNDA:0,(anonymous_24)
FNDA:0,(anonymous_25)
FNDA:0,(anonymous_26)
FNDA:0,(anonymous_27)
FNDA:0,(anonymous_28)
FNDA:0,(anonymous_29)
FNDA:0,(anonymous_30)
FNDA:0,(anonymous_31)
FNDA:0,(anonymous_32)
FNDA:0,(anonymous_33)
FNDA:0,(anonymous_34)
FNDA:0,(anonymous_35)
FNDA:0,(anonymous_36)
FNDA:0,(anonymous_37)
FNDA:0,(anonymous_38)
DA:9,0
DA:70,0
DA:77,0
DA:85,0
DA:86,0
DA:90,0
DA:91,0
DA:95,0
DA:96,0
DA:101,0
DA:102,0
DA:105,0
DA:114,0
DA:115,0
DA:116,0
DA:118,0
DA:122,0
DA:137,0
DA:138,0
DA:140,0
DA:141,0
DA:142,0
DA:143,0
DA:145,0
DA:149,0
DA:150,0
DA:151,0
DA:153,0
DA:154,0
DA:157,0
DA:160,0
DA:161,0
DA:162,0
DA:165,0
DA:174,0
DA:175,0
DA:177,0
DA:182,0
DA:183,0
DA:184,0
DA:185,0
DA:186,0
DA:189,0
DA:190,0
DA:194,0
DA:195,0
DA:196,0
DA:197,0
DA:198,0
DA:199,0
DA:200,0
DA:203,0
DA:208,0
DA:210,0
DA:216,0
DA:217,0
DA:218,0
DA:219,0
DA:220,0
DA:221,0
DA:222,0
DA:225,0
DA:232,0
DA:234,0
DA:240,0
DA:241,0
DA:242,0
DA:243,0
DA:244,0
DA:247,0
DA:248,0
DA:249,0
DA:250,0
DA:251,0
DA:254,0
DA:255,0
DA:258,0
DA:262,0
DA:263,0
DA:264,0
DA:268,0
DA:269,0
DA:281,0
DA:282,0
DA:283,0
DA:285,0
DA:286,0
DA:287,0
DA:291,0
DA:294,0
DA:295,0
DA:296,0
DA:305,0
DA:306,0
DA:307,0
DA:316,0
DA:321,0
DA:327,0
DA:328,0
DA:330,0
DA:331,0
DA:334,0
DA:335,0
DA:336,0
DA:337,0
DA:338,0
DA:342,0
DA:347,0
DA:353,0
DA:366,0
DA:367,0
DA:369,0
DA:370,0
DA:373,0
DA:381,0
DA:382,0
DA:385,0
DA:386,0
DA:404,0
DA:409,0
DA:415,0
DA:429,0
DA:433,0
DA:437,0
LF:124
LH:0
BRDA:101,0,0,0
BRDA:101,0,1,0
BRDA:114,1,0,0
BRDA:114,1,1,0
BRDA:138,2,0,0
BRDA:138,2,1,0
BRDA:141,3,0,0
BRDA:141,3,1,0
BRDA:153,4,0,0
BRDA:153,4,1,0
BRDA:153,5,0,0
BRDA:153,5,1,0
BRDA:153,5,2,0
BRDA:153,5,3,0
BRDA:160,6,0,0
BRDA:160,6,1,0
BRDA:160,7,0,0
BRDA:160,7,1,0
BRDA:170,8,0,0
BRDA:170,8,1,0
BRDA:177,9,0,0
BRDA:177,9,1,0
BRDA:184,10,0,0
BRDA:184,10,1,0
BRDA:184,11,0,0
BRDA:184,11,1,0
BRDA:190,12,0,0
BRDA:190,12,1,0
BRDA:198,13,0,0
BRDA:198,13,1,0
BRDA:198,14,0,0
BRDA:198,14,1,0
BRDA:198,14,2,0
BRDA:205,15,0,0
BRDA:205,15,1,0
BRDA:210,16,0,0
BRDA:210,16,1,0
BRDA:220,17,0,0
BRDA:220,17,1,0
BRDA:220,18,0,0
BRDA:220,18,1,0
BRDA:220,18,2,0
BRDA:229,19,0,0
BRDA:229,19,1,0
BRDA:234,20,0,0
BRDA:234,20,1,0
BRDA:242,21,0,0
BRDA:242,21,1,0
BRDA:242,22,0,0
BRDA:242,22,1,0
BRDA:242,22,2,0
BRDA:249,23,0,0
BRDA:249,23,1,0
BRDA:254,24,0,0
BRDA:254,24,1,0
BRDA:263,25,0,0
BRDA:263,25,1,0
BRDA:327,26,0,0
BRDA:327,26,1,0
BRDA:330,27,0,0
BRDA:330,27,1,0
BRDA:335,28,0,0
BRDA:335,28,1,0
BRDA:335,29,0,0
BRDA:335,29,1,0
BRDA:337,30,0,0
BRDA:337,30,1,0
BRDA:337,31,0,0
BRDA:337,31,1,0
BRDA:356,32,0,0
BRDA:356,32,1,0
BRDA:381,33,0,0
BRDA:381,33,1,0
BRDA:397,34,0,0
BRDA:397,34,1,0
BRDA:400,35,0,0
BRDA:400,35,1,0
BRDA:418,36,0,0
BRDA:418,36,1,0
BRF:79
BRH:0
end_of_record
TN:
SF:src/channels/telegram.ts
FN:55,(anonymous_0)
FN:66,(anonymous_1)
FN:80,(anonymous_2)
FN:85,(anonymous_3)
FN:95,(anonymous_4)
FN:103,(anonymous_5)
FN:110,(anonymous_6)
FN:127,(anonymous_7)
FN:146,(anonymous_8)
FN:151,(anonymous_9)
FN:171,(anonymous_10)
FN:175,(anonymous_11)
FN:184,(anonymous_12)
FN:197,(anonymous_13)
FN:209,(anonymous_14)
FN:246,(anonymous_15)
FN:307,(anonymous_16)
FN:323,(anonymous_17)
FN:351,(anonymous_18)
FN:354,(anonymous_19)
FNF:20
FNH:0
FNDA:0,(anonymous_0)
FNDA:0,(anonymous_1)
FNDA:0,(anonymous_2)
FNDA:0,(anonymous_3)
FNDA:0,(anonymous_4)
FNDA:0,(anonymous_5)
FNDA:0,(anonymous_6)
FNDA:0,(anonymous_7)
FNDA:0,(anonymous_8)
FNDA:0,(anonymous_9)
FNDA:0,(anonymous_10)
FNDA:0,(anonymous_11)
FNDA:0,(anonymous_12)
FNDA:0,(anonymous_13)
FNDA:0,(anonymous_14)
FNDA:0,(anonymous_15)
FNDA:0,(anonymous_16)
FNDA:0,(anonymous_17)
FNDA:0,(anonymous_18)
FNDA:0,(anonymous_19)
DA:11,0
DA:39,0
DA:46,0
DA:51,0
DA:52,0
DA:53,0
DA:56,0
DA:57,0
DA:63,0
DA:67,0
DA:68,0
DA:69,0
DA:72,0
DA:75,0
DA:78,0
DA:81,0
DA:82,0
DA:86,0
DA:89,0
DA:92,0
DA:96,0
DA:97,0
DA:98,0
DA:99,0
DA:104,0
DA:111,0
DA:112,0
DA:113,0
DA:115,0
DA:116,0
DA:117,0
DA:120,0
DA:121,0
DA:122,0
DA:123,0
DA:124,0
DA:125,0
DA:126,0
DA:127,0
DA:128,0
DA:130,0
DA:132,0
DA:133,0
DA:136,0
DA:139,0
DA:140,0
DA:147,0
DA:152,0
DA:153,0
DA:154,0
DA:157,0
DA:158,0
DA:161,0
DA:162,0
DA:164,0
DA:165,0
DA:167,0
DA:172,0
DA:175,0
DA:176,0
DA:184,0
DA:185,0
DA:197,0
DA:198,0
DA:199,0
DA:200,0
DA:209,0
DA:210,0
DA:211,0
DA:215,0
DA:218,0
DA:219,0
DA:221,0
DA:228,0
DA:230,0
DA:231,0
DA:232,0
DA:233,0
DA:235,0
DA:238,0
DA:241,0
DA:246,0
DA:247,0
DA:249,0
DA:255,0
DA:257,0
DA:258,0
DA:260,0
DA:261,0
DA:264,0
DA:265,0
DA:266,0
DA:267,0
DA:270,0
DA:272,0
DA:273,0
DA:274,0
DA:275,0
DA:277,0
DA:283,0
DA:284,0
DA:285,0
DA:288,0
DA:289,0
DA:292,0
DA:293,0
DA:294,0
DA:296,0
DA:299,0
DA:302,0
DA:307,0
DA:308,0
DA:309,0
DA:314,0
DA:315,0
DA:316,0
DA:317,0
DA:324,0
DA:326,0
DA:327,0
DA:329,0
DA:330,0
DA:331,0
DA:332,0
DA:336,0
DA:337,0
DA:338,0
DA:340,0
DA:341,0
DA:344,0
DA:345,0
DA:348,0
DA:352,0
DA:353,0
DA:355,0
DA:356,0
DA:361,0
DA:362,0
DA:365,0
DA:369,0
LF:140
LH:0
BRDA:63,0,0,0
BRDA:63,0,1,0
BRDA:67,1,0,0
BRDA:67,1,1,0
BRDA:87,2,0,0
BRDA:87,2,1,0
BRDA:97,3,0,0
BRDA:97,3,1,0
BRDA:105,4,0,0
BRDA:105,4,1,0
BRDA:106,5,0,0
BRDA:106,5,1,0
BRDA:115,6,0,0
BRDA:115,6,1,0
BRDA:121,7,0,0
BRDA:121,7,1,0
BRDA:124,8,0,0
BRDA:124,8,1,0
BRDA:137,9,0,0
BRDA:137,9,1,0
BRDA:152,10,0,0
BRDA:152,10,1,0
BRDA:153,11,0,0
BRDA:153,11,1,0
BRDA:154,12,0,0
BRDA:154,12,1,0
BRDA:157,13,0,0
BRDA:157,13,1,0
BRDA:157,14,0,0
BRDA:157,14,1,0
BRDA:158,15,0,0
BRDA:158,15,1,0
BRDA:164,16,0,0
BRDA:164,16,1,0
BRDA:164,17,0,0
BRDA:164,17,1,0
BRDA:165,18,0,0
BRDA:165,18,1,0
BRDA:165,19,0,0
BRDA:165,19,1,0
BRDA:172,20,0,0
BRDA:172,20,1,0
BRDA:204,21,0,0
BRDA:204,21,1,0
BRDA:210,22,0,0
BRDA:210,22,1,0
BRDA:219,23,0,0
BRDA:219,23,1,0
BRDA:219,24,0,0
BRDA:219,24,1,0
BRDA:231,25,0,0
BRDA:231,25,1,0
BRDA:239,26,0,0
BRDA:239,26,1,0
BRDA:247,27,0,0
BRDA:247,27,1,0
BRDA:265,28,0,0
BRDA:265,28,1,0
BRDA:283,29,0,0
BRDA:283,29,1,0
BRDA:292,30,0,0
BRDA:292,30,1,0
BRDA:300,31,0,0
BRDA:300,31,1,0
BRDA:311,32,0,0
BRDA:311,32,1,0
BRDA:314,33,0,0
BRDA:314,33,1,0
BRDA:316,34,0,0
BRDA:316,34,1,0
BRDA:324,35,0,0
BRDA:324,35,1,0
BRDA:330,36,0,0
BRDA:330,36,1,0
BRDA:337,37,0,0
BRDA:337,37,1,0
BRDA:337,38,0,0
BRDA:337,38,1,0
BRDA:340,39,0,0
BRDA:340,39,1,0
BRDA:340,40,0,0
BRDA:340,40,1,0
BRDA:353,41,0,0
BRDA:353,41,1,0
BRDA:355,42,0,0
BRDA:355,42,1,0
BRDA:361,43,0,0
BRDA:361,43,1,0
BRDA:361,44,0,0
BRDA:361,44,1,0
BRDA:362,45,0,0
BRDA:362,45,1,0
BRDA:365,46,0,0
BRDA:365,46,1,0
BRF:94
BRH:0
end_of_record
TN:
SF:src/channels/webchat.ts
FN:61,(anonymous_0)
FN:66,(anonymous_1)
FN:68,(anonymous_2)
FN:72,(anonymous_3)
FN:76,(anonymous_4)
FN:84,(anonymous_5)
FN:89,(anonymous_6)
FN:103,(anonymous_7)
FN:132,(anonymous_8)
FN:137,(anonymous_9)
FNF:10
FNH:0
FNDA:0,(anonymous_0)
FNDA:0,(anonymous_1)
FNDA:0,(anonymous_2)
FNDA:0,(anonymous_3)
FNDA:0,(anonymous_4)
FNDA:0,(anonymous_5)
FNDA:0,(anonymous_6)
FNDA:0,(anonymous_7)
FNDA:0,(anonymous_8)
FNDA:0,(anonymous_9)
DA:43,0
DA:50,0
DA:58,0
DA:59,0
DA:62,0
DA:63,0
DA:68,0
DA:69,0
DA:73,0
DA:77,0
DA:85,0
DA:90,0
DA:91,0
DA:98,0
DA:99,0
DA:104,0
DA:105,0
DA:108,0
DA:109,0
DA:111,0
DA:112,0
DA:114,0
DA:115,0
DA:118,0
DA:119,0
DA:120,0
DA:121,0
DA:123,0
DA:127,0
DA:133,0
DA:138,0
DA:139,0
DA:140,0
DA:141,0
DA:147,0
LF:35
LH:0
BRDA:104,0,0,0
BRDA:104,0,1,0
BRDA:109,1,0,0
BRDA:109,1,1,0
BRDA:114,2,0,0
BRDA:114,2,1,0
BRDA:125,3,0,0
BRDA:125,3,1,0
BRDA:133,4,0,0
BRDA:133,4,1,0
BRDA:140,5,0,0
BRDA:140,5,1,0
BRF:12
BRH:0
end_of_record
TN:
SF:src/core/branding.ts
FN:10,formatArgentumBanner
FNF:1
FNH:0
FNDA:0,formatArgentumBanner
DA:1,1
DA:10,1
DA:11,0
LF:3
LH:2
BRF:0
BRH:0
end_of_record
TN:
SF:src/core/cli-launch.ts
FN:26,firstNonEmpty
FN:27,(anonymous_1)
FN:30,resolveGatewayChildEnvironment
FN:36,(anonymous_3)
FN:48,resolveCliLaunch
FN:57,resolveGatewayChildProcess
FNF:6
FNH:6
FNDA:1,firstNonEmpty
FNDA:1,(anonymous_1)
FNDA:1,resolveGatewayChildEnvironment
FNDA:3,(anonymous_3)
FNDA:4,resolveCliLaunch
FNDA:2,resolveGatewayChildProcess
DA:27,1
DA:30,1
DA:35,1
DA:36,3
DA:38,1
DA:39,1
DA:40,1
DA:41,1
DA:42,1
DA:43,1
DA:44,1
DA:45,1
DA:48,1
DA:49,4
DA:50,4
DA:51,1
DA:54,3
DA:57,1
DA:60,2
DA:61,1
DA:63,1
DA:67,1
DA:73,1
LF:23
LH:23
BRDA:27,0,0,1
BRDA:27,0,1,0
BRDA:27,1,0,1
BRDA:27,1,1,1
BRDA:38,2,0,0
BRDA:38,2,1,1
BRDA:50,3,0,1
BRDA:50,3,1,3
BRDA:60,4,0,1
BRDA:60,4,1,1
BRDA:61,5,0,1
BRDA:61,5,1,0
BRDA:63,6,0,1
BRDA:63,6,1,0
BRDA:63,7,0,1
BRDA:63,7,1,1
BRDA:63,7,2,1
BRF:17
BRH:13
end_of_record
TN:
SF:src/core/config.ts
FN:555,(anonymous_9)
FN:563,(anonymous_10)
FN:582,(anonymous_11)
FN:598,(anonymous_12)
FN:665,(anonymous_13)
FN:684,(anonymous_14)
FN:689,(anonymous_15)
FN:694,(anonymous_16)
FN:699,(anonymous_17)
FN:705,(anonymous_18)
FN:707,(anonymous_19)
FN:712,(anonymous_20)
FN:725,(anonymous_21)
FN:727,(anonymous_22)
FN:731,(anonymous_23)
FN:732,(anonymous_24)
FN:746,getConfig
FNF:17
FNH:7
FNDA:2,(anonymous_9)
FNDA:2,(anonymous_10)
FNDA:4,(anonymous_11)
FNDA:2,(anonymous_12)
FNDA:7,(anonymous_13)
FNDA:2,(anonymous_14)
FNDA:0,(anonymous_15)
FNDA:2,(anonymous_16)
FNDA:0,(anonymous_17)
FNDA:0,(anonymous_18)
FNDA:0,(anonymous_19)
FNDA:0,(anonymous_20)
FNDA:0,(anonymous_21)
FNDA:0,(anonymous_22)
FNDA:0,(anonymous_23)
FNDA:0,(anonymous_24)
FNDA:0,getConfig
DA:8,4
DA:9,4
DA:11,4
DA:12,4
DA:17,4
DA:36,4
DA:39,4
DA:42,4
DA:51,4
DA:69,4
DA:75,4
DA:85,4
DA:100,4
DA:109,4
DA:117,4
DA:123,4
DA:130,4
DA:139,4
DA:150,4
DA:157,4
DA:172,4
DA:202,4
DA:212,4
DA:221,4
DA:548,4
DA:552,2
DA:553,2
DA:556,2
DA:557,2
DA:558,2
DA:559,2
DA:564,2
DA:566,2
DA:569,2
DA:570,2
DA:572,2
DA:573,2
DA:574,0
DA:575,0
DA:578,2
DA:583,4
DA:584,1
DA:587,3
DA:588,3
DA:590,3
DA:591,3
DA:594,0
DA:599,2
DA:601,2
DA:602,0
DA:604,2
DA:605,0
DA:607,2
DA:608,0
DA:613,2
DA:614,0
DA:616,2
DA:617,0
DA:625,2
DA:626,0
DA:630,0
DA:635,2
DA:636,0
DA:643,0
DA:651,2
DA:652,0
DA:654,2
DA:655,0
DA:661,2
DA:669,7
DA:670,7
DA:671,5
DA:672,3
DA:677,2
DA:680,7
DA:685,2
DA:690,0
DA:695,2
DA:700,0
DA:702,0
DA:706,0
DA:707,0
DA:709,0
DA:712,0
DA:713,0
DA:714,0
DA:715,0
DA:716,0
DA:720,0
DA:726,0
DA:727,0
DA:732,0
DA:733,0
DA:738,0
DA:743,4
DA:746,4
DA:747,0
DA:748,0
LF:98
LH:65
BRDA:558,0,0,2
BRDA:558,0,1,2
BRDA:558,1,0,2
BRDA:558,1,1,2
BRDA:566,2,0,0
BRDA:566,2,1,2
BRDA:573,3,0,0
BRDA:573,3,1,2
BRDA:583,4,0,1
BRDA:583,4,1,3
BRDA:590,5,0,3
BRDA:590,5,1,0
BRDA:590,6,0,3
BRDA:590,6,1,3
BRDA:590,6,2,3
BRDA:601,7,0,0
BRDA:601,7,1,2
BRDA:604,8,0,0
BRDA:604,8,1,2
BRDA:607,9,0,0
BRDA:607,9,1,2
BRDA:609,10,0,0
BRDA:609,10,1,0
BRDA:613,11,0,0
BRDA:613,11,1,2
BRDA:616,12,0,0
BRDA:616,12,1,2
BRDA:618,13,0,0
BRDA:618,13,1,0
BRDA:620,14,0,0
BRDA:620,14,1,0
BRDA:625,15,0,0
BRDA:625,15,1,2
BRDA:627,16,0,0
BRDA:627,16,1,0
BRDA:631,17,0,0
BRDA:631,17,1,0
BRDA:635,18,0,0
BRDA:635,18,1,2
BRDA:637,19,0,0
BRDA:637,19,1,0
BRDA:639,20,0,0
BRDA:639,20,1,0
BRDA:644,21,0,0
BRDA:644,21,1,0
BRDA:646,22,0,0
BRDA:646,22,1,0
BRDA:651,23,0,0
BRDA:651,23,1,2
BRDA:654,24,0,0
BRDA:654,24,1,2
BRDA:656,25,0,0
BRDA:656,25,1,0
BRDA:671,26,0,3
BRDA:671,26,1,2
BRDA:671,27,0,5
BRDA:671,27,1,3
BRDA:671,27,2,3
BRDA:695,28,0,2
BRDA:695,28,1,0
BRDA:700,29,0,0
BRDA:700,29,1,0
BRDA:735,30,0,0
BRDA:735,30,1,0
BRF:64
BRH:27
end_of_record
TN:
SF:src/core/esm.ts
FN:12,importEsmModule
FNF:1
FNH:0
FNDA:0,importEsmModule
DA:3,0
DA:8,0
DA:12,0
DA:13,0
DA:14,0
DA:16,0
LF:6
LH:0
BRDA:13,0,0,0
BRDA:13,0,1,0
BRF:2
BRH:0
end_of_record
TN:
SF:src/core/hierarchical-memory.ts
FN:29,(anonymous_1)
FN:81,generateId
FN:85,serializeTags
FN:89,deserializeTags
FN:98,contentSimilarity
FN:99,(anonymous_6)
FN:100,(anonymous_7)
FN:106,(anonymous_8)
FN:119,(anonymous_9)
FN:132,(anonymous_10)
FN:156,(anonymous_11)
FN:201,(anonymous_12)
FN:213,(anonymous_13)
FN:219,(anonymous_14)
FN:234,(anonymous_15)
FN:235,(anonymous_16)
FN:239,(anonymous_17)
FN:242,(anonymous_18)
FN:249,(anonymous_19)
FN:253,(anonymous_20)
FN:280,(anonymous_21)
FN:307,(anonymous_22)
FN:349,(anonymous_23)
FN:403,(anonymous_24)
FN:420,(anonymous_25)
FN:427,(anonymous_26)
FN:441,(anonymous_27)
FN:446,(anonymous_28)
FNF:28
FNH:27
FNDA:1,(anonymous_1)
FNDA:119,generateId
FNDA:119,serializeTags
FNDA:26,deserializeTags
FNDA:2,contentSimilarity
FNDA:4,(anonymous_6)
FNDA:21,(anonymous_7)
FNDA:7,(anonymous_8)
FNDA:19,(anonymous_9)
FNDA:19,(anonymous_10)
FNDA:119,(anonymous_11)
FNDA:17,(anonymous_12)
FNDA:4,(anonymous_13)
FNDA:5,(anonymous_14)
FNDA:5,(anonymous_15)
FNDA:2,(anonymous_16)
FNDA:0,(anonymous_17)
FNDA:5,(anonymous_18)
FNDA:3,(anonymous_19)
FNDA:6,(anonymous_20)
FNDA:3,(anonymous_21)
FNDA:2,(anonymous_22)
FNDA:2,(anonymous_23)
FNDA:119,(anonymous_24)
FNDA:15,(anonymous_25)
FNDA:26,(anonymous_26)
FNDA:19,(anonymous_27)
FNDA:3,(anonymous_28)
DA:15,1
DA:16,1
DA:17,1
DA:19,1
DA:21,1
DA:23,1
DA:29,1
DA:30,1
DA:31,1
DA:32,1
DA:59,1
DA:60,1
DA:62,1
DA:63,1
DA:64,1
DA:66,1
DA:67,1
DA:69,1
DA:71,1
DA:73,1
DA:75,1
DA:82,119
DA:86,119
DA:90,26
DA:91,26
DA:93,0
DA:99,2
DA:100,21
DA:101,2
DA:102,2
DA:103,2
DA:105,2
DA:106,7
DA:107,2
DA:108,2
DA:115,1
DA:117,19
DA:120,19
DA:121,19
DA:122,19
DA:123,0
DA:126,19
DA:127,19
DA:128,19
DA:129,19
DA:133,19
DA:157,119
DA:158,119
DA:160,119
DA:167,119
DA:178,119
DA:179,119
DA:182,119
DA:185,119
DA:186,1
DA:190,119
DA:191,2
DA:194,119
DA:202,17
DA:204,14
DA:209,14
DA:210,14
DA:213,4
DA:215,3
DA:216,3
DA:218,3
DA:220,5
DA:221,5
DA:222,5
DA:224,5
DA:225,3
DA:229,5
DA:230,5
DA:232,5
DA:234,5
DA:235,2
DA:238,3
DA:239,0
DA:242,5
DA:250,3
DA:254,6
DA:255,6
DA:256,0
DA:257,0
DA:260,6
DA:263,6
DA:264,2
DA:265,4
DA:266,3
DA:269,1
DA:272,5
DA:273,5
DA:281,3
DA:282,3
DA:283,0
DA:284,0
DA:287,3
DA:290,3
DA:291,1
DA:292,2
DA:293,1
DA:296,1
DA:299,2
DA:300,2
DA:309,2
DA:319,2
DA:329,2
DA:334,2
DA:335,0
DA:338,2
DA:350,2
DA:351,6
DA:355,6
DA:357,6
DA:358,4
DA:360,4
DA:361,2
DA:363,2
DA:364,2
DA:366,0
DA:367,0
DA:369,0
DA:370,0
DA:371,0
DA:376,0
DA:385,0
DA:387,0
DA:388,0
DA:404,119
DA:405,119
DA:407,119
DA:408,10
DA:409,10
DA:421,15
DA:424,15
DA:428,26
DA:442,19
DA:447,3
LF:138
LH:121
BRDA:29,0,0,1
BRDA:29,0,1,1
BRDA:103,1,0,0
BRDA:103,1,1,2
BRDA:103,2,0,2
BRDA:103,2,1,2
BRDA:108,3,0,2
BRDA:108,3,1,0
BRDA:120,4,0,19
BRDA:120,4,1,0
BRDA:122,5,0,0
BRDA:122,5,1,19
BRDA:158,6,0,119
BRDA:158,6,1,119
BRDA:185,7,0,1
BRDA:185,7,1,118
BRDA:185,8,0,119
BRDA:185,8,1,71
BRDA:190,9,0,2
BRDA:190,9,1,117
BRDA:190,10,0,119
BRDA:190,10,1,12
BRDA:202,11,0,14
BRDA:202,11,1,3
BRDA:225,12,0,1
BRDA:225,12,1,2
BRDA:238,13,0,0
BRDA:238,13,1,3
BRDA:255,14,0,0
BRDA:255,14,1,6
BRDA:263,15,0,2
BRDA:263,15,1,4
BRDA:265,16,0,3
BRDA:265,16,1,1
BRDA:282,17,0,0
BRDA:282,17,1,3
BRDA:290,18,0,1
BRDA:290,18,1,2
BRDA:292,19,0,1
BRDA:292,19,1,1
BRDA:358,20,0,0
BRDA:358,20,1,4
BRDA:361,21,0,0
BRDA:361,21,1,2
BRDA:364,22,0,0
BRDA:364,22,1,2
BRDA:407,23,0,10
BRDA:407,23,1,109
BRF:48
BRH:38
end_of_record
TN:
SF:src/core/knowledge-graph.ts
FN:64,(anonymous_1)
FN:81,(anonymous_2)
FN:134,(anonymous_3)
FN:140,(anonymous_4)
FN:148,(anonymous_5)
FN:182,(anonymous_6)
FN:210,(anonymous_7)
FN:244,(anonymous_8)
FN:248,(anonymous_9)
FN:273,(anonymous_10)
FN:282,(anonymous_11)
FN:323,(anonymous_12)
FN:333,(anonymous_13)
FN:334,(anonymous_14)
FN:352,(anonymous_15)
FN:376,(anonymous_16)
FN:385,(anonymous_17)
FN:398,(anonymous_18)
FN:415,(anonymous_19)
FN:456,(anonymous_20)
FN:465,(anonymous_21)
FN:477,(anonymous_22)
FN:488,(anonymous_23)
FN:493,(anonymous_24)
FNF:24
FNH:0
FNDA:0,(anonymous_1)
FNDA:0,(anonymous_2)
FNDA:0,(anonymous_3)
FNDA:0,(anonymous_4)
FNDA:0,(anonymous_5)
FNDA:0,(anonymous_6)
FNDA:0,(anonymous_7)
FNDA:0,(anonymous_8)
FNDA:0,(anonymous_9)
FNDA:0,(anonymous_10)
FNDA:0,(anonymous_11)
FNDA:0,(anonymous_12)
FNDA:0,(anonymous_13)
FNDA:0,(anonymous_14)
FNDA:0,(anonymous_15)
FNDA:0,(anonymous_16)
FNDA:0,(anonymous_17)
FNDA:0,(anonymous_18)
FNDA:0,(anonymous_19)
FNDA:0,(anonymous_20)
FNDA:0,(anonymous_21)
FNDA:0,(anonymous_22)
FNDA:0,(anonymous_23)
FNDA:0,(anonymous_24)
DA:14,0
DA:15,0
DA:17,0
DA:19,0
DA:20,0
DA:22,0
DA:59,0
DA:61,0
DA:62,0
DA:65,0
DA:66,0
DA:67,0
DA:68,0
DA:71,0
DA:72,0
DA:73,0
DA:74,0
DA:82,0
DA:135,0
DA:136,0
DA:137,0
DA:141,0
DA:151,0
DA:152,0
DA:154,0
DA:159,0
DA:172,0
DA:174,0
DA:175,0
DA:183,0
DA:184,0
DA:186,0
DA:191,0
DA:202,0
DA:203,0
DA:211,0
DA:213,0
DA:217,0
DA:218,0
DA:219,0
DA:222,0
DA:223,0
DA:225,0
DA:232,0
DA:233,0
DA:234,0
DA:237,0
DA:247,0
DA:248,0
DA:249,0
DA:257,0
DA:260,0
DA:266,0
DA:274,0
DA:275,0
DA:283,0
DA:285,0
DA:286,0
DA:288,0
DA:289,0
DA:292,0
DA:297,0
DA:298,0
DA:300,0
DA:301,0
DA:304,0
DA:305,0
DA:306,0
DA:311,0
DA:312,0
DA:316,0
DA:324,0
DA:326,0
DA:332,0
DA:333,0
DA:335,0
DA:344,0
DA:354,0
DA:365,0
DA:366,0
DA:369,0
DA:377,0
DA:378,0
DA:386,0
DA:391,0
DA:400,0
DA:401,0
DA:407,0
DA:408,0
DA:416,0
DA:418,0
DA:419,0
DA:420,0
DA:421,0
DA:424,0
DA:425,0
DA:433,0
DA:440,0
DA:447,0
DA:449,0
DA:457,0
DA:459,0
DA:466,0
DA:478,0
DA:489,0
DA:494,0
DA:495,0
DA:496,0
DA:498,0
LF:109
LH:0
BRDA:65,0,0,0
BRDA:65,0,1,0
BRDA:67,1,0,0
BRDA:67,1,1,0
BRDA:136,2,0,0
BRDA:136,2,1,0
BRDA:163,3,0,0
BRDA:163,3,1,0
BRDA:164,4,0,0
BRDA:164,4,1,0
BRDA:196,5,0,0
BRDA:196,5,1,0
BRDA:217,6,0,0
BRDA:217,6,1,0
BRDA:233,7,0,0
BRDA:233,7,1,0
BRDA:247,8,0,0
BRDA:247,8,1,0
BRDA:247,9,0,0
BRDA:247,9,1,0
BRDA:255,10,0,0
BRDA:255,10,1,0
BRDA:275,11,0,0
BRDA:275,11,1,0
BRDA:282,12,0,0
BRDA:283,13,0,0
BRDA:283,13,1,0
BRDA:298,14,0,0
BRDA:298,14,1,0
BRDA:300,15,0,0
BRDA:300,15,1,0
BRDA:304,16,0,0
BRDA:304,16,1,0
BRDA:311,17,0,0
BRDA:311,17,1,0
BRDA:365,18,0,0
BRDA:365,18,1,0
BRDA:378,19,0,0
BRDA:378,19,1,0
BRDA:419,20,0,0
BRDA:419,20,1,0
BRDA:427,21,0,0
BRDA:427,21,1,0
BRDA:428,22,0,0
BRDA:428,22,1,0
BRDA:429,23,0,0
BRDA:429,23,1,0
BRF:47
BRH:0
end_of_record
TN:
SF:src/core/llm-provider.ts
FN:82,(anonymous_0)
FN:98,(anonymous_1)
FN:114,(anonymous_2)
FN:121,(anonymous_3)
FN:181,(anonymous_4)
FN:204,(anonymous_5)
FN:210,(anonymous_6)
FN:211,(anonymous_7)
FN:212,(anonymous_8)
FN:217,(anonymous_9)
FN:223,(anonymous_10)
FN:263,(anonymous_11)
FN:264,(anonymous_12)
FN:266,(anonymous_13)
FN:268,(anonymous_14)
FN:306,createLLMProvider
FNF:16
FNH:0
FNDA:0,(anonymous_0)
FNDA:0,(anonymous_1)
FNDA:0,(anonymous_2)
FNDA:0,(anonymous_3)
FNDA:0,(anonymous_4)
FNDA:0,(anonymous_5)
FNDA:0,(anonymous_6)
FNDA:0,(anonymous_7)
FNDA:0,(anonymous_8)
FNDA:0,(anonymous_9)
FNDA:0,(anonymous_10)
FNDA:0,(anonymous_11)
FNDA:0,(anonymous_12)
FNDA:0,(anonymous_13)
FNDA:0,(anonymous_14)
FNDA:0,createLLMProvider
DA:8,2
DA:10,2
DA:90,0
DA:91,0
DA:92,0
DA:93,0
DA:94,0
DA:95,0
DA:99,0
DA:100,0
DA:102,0
DA:103,0
DA:104,0
DA:106,0
DA:107,0
DA:111,0
DA:119,0
DA:122,0
DA:123,0
DA:124,0
DA:125,0
DA:126,0
DA:132,0
DA:133,0
DA:134,0
DA:137,0
DA:143,0
DA:149,0
DA:150,0
DA:151,0
DA:154,0
DA:168,0
DA:169,0
DA:171,0
DA:178,0
DA:180,0
DA:181,0
DA:182,0
DA:183,0
DA:184,0
DA:188,0
DA:192,0
DA:201,0
DA:205,0
DA:206,0
DA:207,0
DA:211,0
DA:212,0
DA:214,0
DA:217,0
DA:220,0
DA:222,0
DA:223,0
DA:230,0
DA:240,0
DA:241,0
DA:242,0
DA:245,0
DA:256,0
DA:263,0
DA:264,0
DA:266,0
DA:267,0
DA:268,0
DA:275,0
DA:306,2
DA:312,0
DA:315,0
DA:317,0
DA:318,0
DA:320,0
DA:321,0
DA:326,0
DA:330,0
DA:331,0
DA:332,0
DA:333,0
DA:335,0
DA:336,0
DA:339,0
DA:343,0
DA:344,0
DA:345,0
DA:346,0
DA:347,0
DA:348,0
DA:349,0
DA:350,0
DA:355,0
DA:357,0
DA:358,0
DA:365,0
DA:376,0
DA:377,0
DA:378,0
DA:380,0
LF:96
LH:3
BRDA:94,0,0,0
BRDA:94,0,1,0
BRDA:95,1,0,0
BRDA:95,1,1,0
BRDA:106,2,0,0
BRDA:106,2,1,0
BRDA:111,3,0,0
BRDA:111,3,1,0
BRDA:123,4,0,0
BRDA:123,4,1,0
BRDA:124,5,0,0
BRDA:124,5,1,0
BRDA:125,6,0,0
BRDA:125,6,1,0
BRDA:132,7,0,0
BRDA:132,7,1,0
BRDA:132,8,0,0
BRDA:132,8,1,0
BRDA:149,9,0,0
BRDA:149,9,1,0
BRDA:169,10,0,0
BRDA:169,10,1,0
BRDA:173,11,0,0
BRDA:173,11,1,0
BRDA:174,12,0,0
BRDA:174,12,1,0
BRDA:178,13,0,0
BRDA:178,13,1,0
BRDA:180,14,0,0
BRDA:180,14,1,0
BRDA:220,15,0,0
BRDA:220,15,1,0
BRDA:222,16,0,0
BRDA:222,16,1,0
BRDA:240,17,0,0
BRDA:240,17,1,0
BRDA:258,18,0,0
BRDA:258,18,1,0
BRDA:259,19,0,0
BRDA:259,19,1,0
BRDA:264,20,0,0
BRDA:264,20,1,0
BRDA:267,21,0,0
BRDA:267,21,1,0
BRDA:269,22,0,0
BRDA:269,22,1,0
BRDA:270,23,0,0
BRDA:270,23,1,0
BRDA:271,24,0,0
BRDA:271,24,1,0
BRDA:315,25,0,0
BRDA:315,25,1,0
BRDA:317,26,0,0
BRDA:317,26,1,0
BRDA:317,26,2,0
BRDA:320,27,0,0
BRDA:320,27,1,0
BRDA:326,28,0,0
BRDA:326,28,1,0
BRDA:326,28,2,0
BRDA:330,29,0,0
BRDA:330,29,1,0
BRDA:332,30,0,0
BRDA:332,30,1,0
BRDA:335,31,0,0
BRDA:335,31,1,0
BRDA:336,32,0,0
BRDA:336,32,1,0
BRDA:344,33,0,0
BRDA:344,33,1,0
BRDA:346,34,0,0
BRDA:346,34,1,0
BRDA:349,35,0,0
BRDA:349,35,1,0
BRDA:349,36,0,0
BRDA:349,36,1,0
BRDA:349,36,2,0
BRDA:355,37,0,0
BRDA:355,37,1,0
BRDA:357,38,0,0
BRDA:357,38,1,0
BRDA:377,39,0,0
BRDA:377,39,1,0
BRDA:384,40,0,0
BRDA:384,40,1,0
BRF:85
BRH:0
end_of_record
TN:
SF:src/core/logger.ts
FN:53,(anonymous_1)
FN:87,(anonymous_2)
FN:95,(anonymous_3)
FN:100,(anonymous_4)
FN:105,(anonymous_5)
FN:110,(anonymous_6)
FN:115,(anonymous_7)
FN:120,(anonymous_8)
FN:136,(anonymous_9)
FN:141,(anonymous_10)
FN:150,createLogger
FN:156,featureLogger
FN:162,resetLogger
FNF:13
FNH:7
FNDA:10,(anonymous_1)
FNDA:4,(anonymous_2)
FNDA:137,(anonymous_3)
FNDA:3,(anonymous_4)
FNDA:1,(anonymous_5)
FNDA:0,(anonymous_6)
FNDA:0,(anonymous_7)
FNDA:0,(anonymous_8)
FNDA:0,(anonymous_9)
FNDA:0,(anonymous_10)
FNDA:7,createLogger
FNDA:2,featureLogger
FNDA:0,resetLogger
DA:8,6
DA:32,6
DA:49,6
DA:54,10
DA:55,10
DA:59,0
DA:61,10
DA:63,10
DA:67,10
DA:68,10
DA:78,10
DA:80,10
DA:88,4
DA:89,4
DA:90,4
DA:91,4
DA:96,137
DA:101,3
DA:106,1
DA:111,0
DA:116,0
DA:121,0
DA:137,0
DA:142,0
DA:147,6
DA:150,6
DA:151,7
DA:152,7
DA:156,6
DA:157,2
DA:158,2
DA:162,6
DA:163,0
LF:33
LH:26
BRDA:53,0,0,10
BRDA:55,1,0,0
BRDA:55,1,1,10
BRDA:56,2,0,10
BRDA:56,2,1,10
BRDA:61,3,0,10
BRDA:61,3,1,10
BRDA:67,4,0,10
BRDA:67,4,1,0
BRDA:80,5,0,0
BRDA:80,5,1,10
BRDA:131,6,0,0
BRDA:131,6,1,0
BRF:13
BRH:8
end_of_record
TN:
SF:src/core/memory-sync.ts
FN:38,(anonymous_9)
FN:62,(anonymous_10)
FN:69,(anonymous_11)
FN:70,(anonymous_12)
FN:74,(anonymous_13)
FN:75,(anonymous_14)
FN:86,(anonymous_15)
FN:145,(anonymous_16)
FN:159,(anonymous_17)
FN:176,(anonymous_18)
FN:177,(anonymous_19)
FN:180,(anonymous_20)
FN:181,(anonymous_21)
FN:200,(anonymous_22)
FN:251,(anonymous_23)
FN:271,(anonymous_24)
FN:286,(anonymous_25)
FNF:17
FNH:0
FNDA:0,(anonymous_9)
FNDA:0,(anonymous_10)
FNDA:0,(anonymous_11)
FNDA:0,(anonymous_12)
FNDA:0,(anonymous_13)
FNDA:0,(anonymous_14)
FNDA:0,(anonymous_15)
FNDA:0,(anonymous_16)
FNDA:0,(anonymous_17)
FNDA:0,(anonymous_18)
FNDA:0,(anonymous_19)
FNDA:0,(anonymous_20)
FNDA:0,(anonymous_21)
FNDA:0,(anonymous_22)
FNDA:0,(anonymous_23)
FNDA:0,(anonymous_24)
FNDA:0,(anonymous_25)
DA:8,0
DA:9,0
DA:10,0
DA:11,0
DA:12,0
DA:33,0
DA:39,0
DA:41,0
DA:42,0
DA:45,0
DA:55,0
DA:56,0
DA:63,0
DA:70,0
DA:71,0
DA:72,0
DA:74,0
DA:75,0
DA:76,0
DA:78,0
DA:79,0
DA:87,0
DA:90,0
DA:91,0
DA:94,0
DA:96,0
DA:98,0
DA:99,0
DA:102,0
DA:103,0
DA:105,0
DA:107,0
DA:108,0
DA:109,0
DA:111,0
DA:114,0
DA:118,0
DA:119,0
DA:120,0
DA:127,0
DA:130,0
DA:131,0
DA:139,0
DA:146,0
DA:147,0
DA:148,0
DA:150,0
DA:153,0
DA:160,0
DA:161,0
DA:164,0
DA:165,0
DA:167,0
DA:168,0
DA:170,0
DA:171,0
DA:174,0
DA:176,0
DA:177,0
DA:178,0
DA:179,0
DA:180,0
DA:181,0
DA:182,0
DA:183,0
DA:184,0
DA:186,0
DA:188,0
DA:191,0
DA:194,0
DA:201,0
DA:202,0
DA:206,0
DA:207,0
DA:211,0
DA:215,0
DA:219,0
DA:227,0
DA:230,0
DA:231,0
DA:232,0
DA:233,0
DA:237,0
DA:245,0
DA:252,0
DA:253,0
DA:254,0
DA:258,0
DA:263,0
DA:264,0
DA:272,0
DA:273,0
DA:278,0
DA:279,0
DA:287,0
DA:288,0
DA:294,0
DA:296,0
DA:302,0
DA:307,0
LF:100
LH:0
BRDA:39,0,0,0
BRDA:39,0,1,0
BRDA:41,1,0,0
BRDA:41,1,1,0
BRDA:46,2,0,0
BRDA:46,2,1,0
BRDA:49,3,0,0
BRDA:49,3,1,0
BRDA:50,4,0,0
BRDA:50,4,1,0
BRDA:51,5,0,0
BRDA:51,5,1,0
BRDA:52,6,0,0
BRDA:52,6,1,0
BRDA:87,7,0,0
BRDA:87,7,1,0
BRDA:90,8,0,0
BRDA:90,8,1,0
BRDA:98,9,0,0
BRDA:98,9,1,0
BRDA:102,10,0,0
BRDA:102,10,1,0
BRDA:107,11,0,0
BRDA:107,11,1,0
BRDA:107,12,0,0
BRDA:107,12,1,0
BRDA:123,13,0,0
BRDA:123,13,1,0
BRDA:146,14,0,0
BRDA:146,14,1,0
BRDA:160,15,0,0
BRDA:160,15,1,0
BRDA:168,16,0,0
BRDA:168,16,1,0
BRDA:168,17,0,0
BRDA:168,17,1,0
BRDA:174,18,0,0
BRDA:174,18,1,0
BRDA:201,19,0,0
BRDA:201,19,1,0
BRDA:264,20,0,0
BRDA:264,20,1,0
BRDA:279,21,0,0
BRDA:279,21,1,0
BRDA:294,22,0,0
BRDA:294,22,1,0
BRF:46
BRH:0
end_of_record
TN:
SF:src/core/model-router.ts
FN:151,(anonymous_0)
FN:168,(anonymous_1)
FN:175,(anonymous_2)
FN:184,(anonymous_3)
FN:192,(anonymous_4)
FN:203,(anonymous_5)
FN:211,(anonymous_6)
FN:216,(anonymous_7)
FN:226,(anonymous_8)
FN:314,(anonymous_9)
FN:320,(anonymous_10)
FN:327,(anonymous_11)
FN:335,(anonymous_12)
FN:344,(anonymous_13)
FN:353,(anonymous_14)
FN:367,(anonymous_15)
FN:372,(anonymous_16)
FN:382,(anonymous_17)
FN:387,(anonymous_18)
FN:392,(anonymous_19)
FN:396,(anonymous_20)
FN:401,(anonymous_21)
FN:407,(anonymous_22)
FN:420,(anonymous_23)
FN:427,(anonymous_24)
FN:438,(anonymous_25)
FN:439,(anonymous_26)
FN:452,(anonymous_27)
FN:476,(anonymous_28)
FN:489,(anonymous_29)
FN:501,(anonymous_30)
FN:512,(anonymous_31)
FN:524,(anonymous_32)
FN:531,(anonymous_33)
FN:539,(anonymous_34)
FN:548,getModelRouter
FN:553,resetModelRouter
FNF:37
FNH:34
FNDA:23,(anonymous_0)
FNDA:27,(anonymous_1)
FNDA:17,(anonymous_2)
FNDA:15,(anonymous_3)
FNDA:8,(anonymous_4)
FNDA:1,(anonymous_5)
FNDA:6,(anonymous_6)
FNDA:0,(anonymous_7)
FNDA:11,(anonymous_8)
FNDA:11,(anonymous_9)
FNDA:11,(anonymous_10)
FNDA:11,(anonymous_11)
FNDA:2,(anonymous_12)
FNDA:0,(anonymous_13)
FNDA:11,(anonymous_14)
FNDA:11,(anonymous_15)
FNDA:11,(anonymous_16)
FNDA:11,(anonymous_17)
FNDA:11,(anonymous_18)
FNDA:11,(anonymous_19)
FNDA:11,(anonymous_20)
FNDA:11,(anonymous_21)
FNDA:11,(anonymous_22)
FNDA:11,(anonymous_23)
FNDA:11,(anonymous_24)
FNDA:8,(anonymous_25)
FNDA:14,(anonymous_26)
FNDA:3,(anonymous_27)
FNDA:2,(anonymous_28)
FNDA:2,(anonymous_29)
FNDA:1,(anonymous_30)
FNDA:5,(anonymous_31)
FNDA:3,(anonymous_32)
FNDA:3,(anonymous_33)
FNDA:4,(anonymous_34)
FNDA:0,getModelRouter
FNDA:23,resetModelRouter
DA:22,1
DA:24,1
DA:81,1
DA:97,1
DA:144,1
DA:147,23
DA:152,23
DA:153,23
DA:154,23
DA:155,23
DA:158,23
DA:159,0
DA:160,0
DA:169,27
DA:176,17
DA:177,24
DA:185,15
DA:193,8
DA:195,8
DA:196,1
DA:197,1
DA:198,1
DA:202,7
DA:203,1
DA:204,1
DA:206,1
DA:207,1
DA:211,6
DA:216,6
DA:217,6
DA:218,6
DA:219,6
DA:220,6
DA:227,11
DA:230,11
DA:231,11
DA:232,0
DA:235,11
DA:238,11
DA:241,11
DA:244,11
DA:247,11
DA:250,11
DA:253,11
DA:256,11
DA:259,11
DA:265,11
DA:268,11
DA:271,11
DA:274,11
DA:280,11
DA:283,11
DA:286,11
DA:290,11
DA:307,11
DA:309,11
DA:317,11
DA:323,11
DA:324,11
DA:331,11
DA:334,11
DA:335,1
DA:336,2
DA:338,1
DA:339,1
DA:343,11
DA:344,0
DA:345,0
DA:347,0
DA:350,11
DA:356,11
DA:357,11
DA:359,1
DA:360,1
DA:361,1
DA:362,1
DA:363,1
DA:364,0
DA:368,11
DA:369,11
DA:373,11
DA:374,0
DA:376,0
DA:379,0
DA:384,11
DA:388,11
DA:389,0
DA:393,11
DA:398,11
DA:402,11
DA:403,1
DA:404,1
DA:408,11
DA:409,11
DA:411,0
DA:413,11
DA:415,0
DA:417,11
DA:423,11
DA:424,11
DA:429,11
DA:430,0
DA:431,0
DA:433,0
DA:439,8
DA:441,14
DA:442,2
DA:446,12
DA:447,1
DA:451,11
DA:452,2
DA:453,3
DA:455,2
DA:459,10
DA:460,1
DA:464,9
DA:465,2
DA:466,2
DA:469,8
DA:477,2
DA:478,2
DA:479,2
DA:480,2
DA:481,2
DA:482,2
DA:490,2
DA:491,2
DA:492,2
DA:493,2
DA:494,2
DA:502,1
DA:503,1
DA:504,1
DA:505,1
DA:513,5
DA:514,5
DA:515,0
DA:516,0
DA:525,3
DA:532,3
DA:533,3
DA:540,4
DA:546,1
DA:548,1
DA:549,0
DA:550,0
DA:553,1
DA:554,23
LF:148
LH:128
BRDA:152,0,0,23
BRDA:152,0,1,23
BRDA:154,1,0,23
BRDA:154,1,1,23
BRDA:158,2,0,0
BRDA:158,2,1,23
BRDA:158,3,0,23
BRDA:158,3,1,0
BRDA:195,4,0,1
BRDA:195,4,1,7
BRDA:198,5,0,1
BRDA:198,5,1,0
BRDA:202,6,0,1
BRDA:202,6,1,6
BRDA:204,7,0,1
BRDA:204,7,1,0
BRDA:218,8,0,0
BRDA:218,8,1,6
BRDA:231,9,0,0
BRDA:231,9,1,11
BRDA:231,10,0,11
BRDA:231,10,1,0
BRDA:247,11,0,11
BRDA:247,11,1,0
BRDA:250,12,0,11
BRDA:250,12,1,0
BRDA:250,13,0,11
BRDA:250,13,1,10
BRDA:260,14,0,11
BRDA:260,14,1,0
BRDA:265,15,0,11
BRDA:265,15,1,0
BRDA:271,16,0,11
BRDA:271,16,1,0
BRDA:275,17,0,11
BRDA:275,17,1,0
BRDA:323,18,0,0
BRDA:323,18,1,11
BRDA:323,19,0,11
BRDA:323,19,1,1
BRDA:334,20,0,1
BRDA:334,20,1,10
BRDA:338,21,0,0
BRDA:338,21,1,1
BRDA:343,22,0,0
BRDA:343,22,1,11
BRDA:356,23,0,0
BRDA:356,23,1,11
BRDA:356,24,0,11
BRDA:356,24,1,1
BRDA:357,25,0,10
BRDA:357,25,1,1
BRDA:360,26,0,0
BRDA:360,26,1,1
BRDA:361,27,0,0
BRDA:361,27,1,1
BRDA:362,28,0,0
BRDA:362,28,1,1
BRDA:363,29,0,1
BRDA:363,29,1,0
BRDA:368,30,0,0
BRDA:368,30,1,11
BRDA:368,31,0,11
BRDA:368,31,1,1
BRDA:369,32,0,11
BRDA:369,32,1,0
BRDA:373,33,0,11
BRDA:373,33,1,0
BRDA:376,34,0,0
BRDA:376,34,1,0
BRDA:388,35,0,11
BRDA:388,35,1,0
BRDA:388,36,0,11
BRDA:388,36,1,0
BRDA:389,37,0,0
BRDA:389,37,1,0
BRDA:402,38,0,10
BRDA:402,38,1,1
BRDA:409,39,0,0
BRDA:409,39,1,11
BRDA:413,40,0,0
BRDA:413,40,1,11
BRDA:429,41,0,11
BRDA:429,41,1,0
BRDA:429,42,0,11
BRDA:429,42,1,11
BRDA:430,43,0,0
BRDA:430,43,1,0
BRDA:430,43,2,0
BRDA:441,44,0,2
BRDA:441,44,1,12
BRDA:441,45,0,14
BRDA:441,45,1,4
BRDA:446,46,0,1
BRDA:446,46,1,11
BRDA:446,47,0,12
BRDA:446,47,1,2
BRDA:451,48,0,2
BRDA:451,48,1,9
BRDA:455,49,0,1
BRDA:455,49,1,1
BRDA:459,50,0,1
BRDA:459,50,1,9
BRDA:459,51,0,10
BRDA:459,51,1,2
BRDA:464,52,0,2
BRDA:464,52,1,7
BRDA:465,53,0,2
BRDA:465,53,1,0
BRDA:466,54,0,1
BRDA:466,54,1,1
BRDA:478,55,0,2
BRDA:478,55,1,0
BRDA:491,56,0,2
BRDA:491,56,1,0
BRDA:503,57,0,1
BRDA:503,57,1,0
BRDA:515,58,0,0
BRDA:515,58,1,0
BRF:119
BRH:77
end_of_record
TN:
SF:src/core/onboarding.ts
FN:143,generateWebchatAuthToken
FN:147,nonEmptyTrimmed
FN:152,createOnboardingProfile
FN:277,writeOnboardingProfile
FN:305,resolveProvider
FN:327,normalizePort
FN:334,selectedFeatures
FN:344,normalizeTelegram
FN:366,mergeDotenv
FN:367,(anonymous_9)
FN:386,createEnvExample
FN:406,formatDotenvValue
FN:413,escapeRegExp
FNF:13
FNH:13
FNDA:1,generateWebchatAuthToken
FNDA:10,nonEmptyTrimmed
FNDA:5,createOnboardingProfile
FNDA:1,writeOnboardingProfile
FNDA:5,resolveProvider
FNDA:5,normalizePort
FNDA:10,selectedFeatures
FNDA:5,normalizeTelegram
FNDA:1,mergeDotenv
FNDA:2,(anonymous_9)
FNDA:1,createEnvExample
FNDA:2,formatDotenvValue
FNDA:2,escapeRegExp
DA:1,1
DA:2,1
DA:3,1
DA:5,1
DA:7,1
DA:62,1
DA:133,1
DA:143,1
DA:144,1
DA:148,10
DA:149,10
DA:152,1
DA:153,5
DA:154,5
DA:155,5
DA:156,5
DA:157,5
DA:159,5
DA:160,1
DA:163,5
DA:164,5
DA:165,2
DA:168,5
DA:169,5
DA:170,2
DA:171,2
DA:172,2
DA:186,2
DA:188,0
DA:189,0
DA:193,5
DA:194,5
DA:195,1
DA:196,4
DA:197,1
DA:202,5
DA:273,5
DA:274,5
DA:277,1
DA:282,1
DA:283,1
DA:284,1
DA:285,1
DA:286,1
DA:288,1
DA:289,1
DA:291,1
DA:292,0
DA:295,1
DA:296,1
DA:298,1
DA:299,1
DA:302,1
DA:306,5
DA:307,0
DA:324,5
DA:328,5
DA:329,0
DA:331,5
DA:335,10
DA:336,10
DA:337,4
DA:338,4
DA:341,10
DA:351,5
DA:352,5
DA:353,5
DA:354,5
DA:355,5
DA:357,5
DA:367,2
DA:368,1
DA:369,0
DA:370,0
DA:373,1
DA:374,1
DA:376,1
DA:377,2
DA:378,0
DA:380,2
DA:383,1
DA:387,1
DA:391,1
DA:392,1
DA:394,1
DA:407,2
DA:408,0
DA:410,2
DA:414,2
LF:89
LH:80
BRDA:149,0,0,0
BRDA:149,0,1,10
BRDA:149,1,0,10
BRDA:149,1,1,0
BRDA:152,2,0,1
BRDA:157,3,0,5
BRDA:157,3,1,5
BRDA:159,4,0,1
BRDA:159,4,1,4
BRDA:164,5,0,5
BRDA:164,5,1,3
BRDA:168,6,0,5
BRDA:168,6,1,3
BRDA:169,7,0,2
BRDA:169,7,1,3
BRDA:171,8,0,2
BRDA:171,8,1,0
BRDA:194,9,0,1
BRDA:194,9,1,4
BRDA:194,10,0,5
BRDA:194,10,1,1
BRDA:196,11,0,1
BRDA:196,11,1,3
BRDA:226,12,0,0
BRDA:226,12,1,5
BRDA:280,13,0,1
BRDA:291,14,0,0
BRDA:291,14,1,1
BRDA:291,15,0,1
BRDA:291,15,1,0
BRDA:298,16,0,1
BRDA:298,16,1,0
BRDA:298,17,0,1
BRDA:298,17,1,0
BRDA:306,18,0,0
BRDA:306,18,1,5
BRDA:315,19,0,0
BRDA:315,19,1,0
BRDA:320,20,0,0
BRDA:320,20,1,0
BRDA:324,21,0,5
BRDA:324,21,1,4
BRDA:328,22,0,0
BRDA:328,22,1,5
BRDA:328,23,0,5
BRDA:328,23,1,5
BRDA:328,23,2,5
BRDA:337,24,0,4
BRDA:337,24,1,0
BRDA:352,25,0,5
BRDA:352,25,1,4
BRDA:353,26,0,5
BRDA:353,26,1,5
BRDA:355,27,0,5
BRDA:355,27,1,2
BRDA:355,27,2,2
BRDA:355,27,3,1
BRDA:359,28,0,2
BRDA:359,28,1,3
BRDA:368,29,0,0
BRDA:368,29,1,1
BRDA:368,30,0,1
BRDA:368,30,1,0
BRDA:373,31,0,0
BRDA:373,31,1,1
BRDA:374,32,0,0
BRDA:374,32,1,1
BRDA:377,33,0,0
BRDA:377,33,1,2
BRDA:391,34,0,1
BRDA:391,34,1,0
BRDA:392,35,0,1
BRDA:392,35,1,0
BRDA:397,36,0,1
BRDA:397,36,1,0
BRDA:407,37,0,0
BRDA:407,37,1,2
BRF:77
BRH:53
end_of_record
TN:
SF:src/core/plugin-loader.ts
FN:63,resolveFeatureEntryPath
FN:78,toModuleImportSpecifier
FN:111,(anonymous_11)
FN:118,(anonymous_12)
FN:125,(anonymous_13)
FN:148,(anonymous_14)
FN:181,(anonymous_15)
FN:216,(anonymous_16)
FN:217,(anonymous_17)
FN:234,(anonymous_18)
FN:246,(anonymous_19)
FN:261,(anonymous_20)
FN:281,(anonymous_21)
FN:286,(anonymous_22)
FN:291,(anonymous_23)
FN:292,(anonymous_24)
FN:300,(anonymous_25)
FN:307,(anonymous_26)
FN:321,(anonymous_27)
FN:327,(anonymous_28)
FN:332,(anonymous_29)
FN:359,(anonymous_30)
FN:361,(anonymous_31)
FN:366,(anonymous_32)
FNF:24
FNH:12
FNDA:2,resolveFeatureEntryPath
FNDA:1,toModuleImportSpecifier
FNDA:1,(anonymous_11)
FNDA:1,(anonymous_12)
FNDA:1,(anonymous_13)
FNDA:1,(anonymous_14)
FNDA:0,(anonymous_15)
FNDA:0,(anonymous_16)
FNDA:0,(anonymous_17)
FNDA:0,(anonymous_18)
FNDA:0,(anonymous_19)
FNDA:0,(anonymous_20)
FNDA:1,(anonymous_21)
FNDA:0,(anonymous_22)
FNDA:1,(anonymous_23)
FNDA:1,(anonymous_24)
FNDA:0,(anonymous_25)
FNDA:0,(anonymous_26)
FNDA:1,(anonymous_27)
FNDA:1,(anonymous_28)
FNDA:1,(anonymous_29)
FNDA:0,(anonymous_30)
FNDA:0,(anonymous_31)
FNDA:0,(anonymous_32)
DA:8,3
DA:9,3
DA:10,3
DA:13,3
DA:63,3
DA:64,2
DA:65,2
DA:66,2
DA:69,0
DA:70,0
DA:71,0
DA:74,0
DA:78,3
DA:79,1
DA:104,3
DA:105,1
DA:106,1
DA:112,1
DA:113,1
DA:114,1
DA:119,1
DA:120,0
DA:121,0
DA:124,1
DA:125,1
DA:127,1
DA:129,1
DA:130,1
DA:131,1
DA:133,1
DA:134,1
DA:135,1
DA:137,0
DA:144,1
DA:149,1
DA:150,1
DA:152,1
DA:153,1
DA:159,1
DA:160,1
DA:163,0
DA:164,0
DA:166,0
DA:174,0
DA:182,0
DA:183,0
DA:184,0
DA:187,0
DA:188,0
DA:191,0
DA:192,0
DA:193,0
DA:195,0
DA:196,0
DA:197,0
DA:198,0
DA:202,0
DA:203,0
DA:204,0
DA:205,0
DA:206,0
DA:210,0
DA:211,0
DA:213,0
DA:216,0
DA:217,0
DA:220,0
DA:221,0
DA:222,0
DA:223,0
DA:225,0
DA:226,0
DA:228,0
DA:229,0
DA:235,0
DA:236,0
DA:238,0
DA:239,0
DA:241,0
DA:242,0
DA:247,0
DA:248,0
DA:249,0
DA:250,0
DA:252,0
DA:262,0
DA:264,0
DA:265,0
DA:266,0
DA:267,0
DA:269,0
DA:277,0
DA:282,1
DA:287,0
DA:292,1
DA:301,0
DA:302,0
DA:303,0
DA:308,0
DA:309,0
DA:310,0
DA:311,0
DA:313,0
DA:322,1
DA:323,1
DA:328,1
DA:329,1
DA:330,1
DA:332,1
DA:333,1
DA:334,0
DA:336,1
DA:338,1
DA:339,1
DA:340,1
DA:341,0
DA:342,0
DA:343,0
DA:347,1
DA:348,1
DA:349,1
DA:352,1
DA:353,1
DA:356,1
DA:361,0
DA:363,0
DA:367,0
DA:370,0
DA:371,0
DA:374,0
LF:130
LH:52
BRDA:65,0,0,2
BRDA:65,0,1,0
BRDA:70,1,0,0
BRDA:70,1,1,0
BRDA:79,2,0,0
BRDA:79,2,1,1
BRDA:113,3,0,1
BRDA:113,3,1,0
BRDA:119,4,0,0
BRDA:119,4,1,1
BRDA:133,5,0,1
BRDA:133,5,1,0
BRDA:138,6,0,0
BRDA:138,6,1,0
BRDA:152,7,0,1
BRDA:152,7,1,0
BRDA:183,8,0,0
BRDA:183,8,1,0
BRDA:187,9,0,0
BRDA:187,9,1,0
BRDA:191,10,0,0
BRDA:191,10,1,0
BRDA:192,11,0,0
BRDA:192,11,1,0
BRDA:204,12,0,0
BRDA:204,12,1,0
BRDA:222,13,0,0
BRDA:222,13,1,0
BRDA:236,14,0,0
BRDA:236,14,1,0
BRDA:236,15,0,0
BRDA:236,15,1,0
BRDA:238,16,0,0
BRDA:238,16,1,0
BRDA:248,17,0,0
BRDA:248,17,1,0
BRDA:253,18,0,0
BRDA:253,18,1,0
BRDA:265,19,0,0
BRDA:265,19,1,0
BRDA:265,20,0,0
BRDA:265,20,1,0
BRDA:271,21,0,0
BRDA:271,21,1,0
BRDA:295,22,0,1
BRDA:295,22,1,1
BRDA:301,23,0,0
BRDA:301,23,1,0
BRDA:308,24,0,0
BRDA:308,24,1,0
BRDA:314,25,0,0
BRDA:314,25,1,0
BRDA:323,26,0,1
BRDA:323,26,1,0
BRDA:333,27,0,0
BRDA:333,27,1,1
BRDA:336,28,0,0
BRDA:336,28,1,1
BRDA:340,29,0,0
BRDA:340,29,1,1
BRDA:342,30,0,0
BRDA:342,30,1,0
BRDA:363,31,0,0
BRDA:363,31,1,0
BRDA:363,31,2,0
BRDA:367,32,0,0
BRDA:367,32,1,0
BRDA:367,32,2,0
BRDA:367,32,3,0
BRDA:370,33,0,0
BRDA:370,33,1,0
BRF:71
BRH:12
end_of_record
TN:
SF:src/core/pre-reasoning-hook.ts
FN:50,extractGoal
FN:65,extractDecisions
FN:84,inferNextSteps
FN:104,extractCritical
FN:125,compactProgress
FN:145,(anonymous_5)
FN:181,preReasoningHook
FNF:7
FNH:0
FNDA:0,extractGoal
FNDA:0,extractDecisions
FNDA:0,inferNextSteps
FNDA:0,extractCritical
FNDA:0,compactProgress
FNDA:0,(anonymous_5)
FNDA:0,preReasoningHook
DA:16,0
DA:23,0
DA:31,0
DA:39,0
DA:51,0
DA:52,0
DA:53,0
DA:54,0
DA:55,0
DA:59,0
DA:66,0
DA:67,0
DA:68,0
DA:69,0
DA:70,0
DA:71,0
DA:72,0
DA:73,0
DA:78,0
DA:85,0
DA:86,0
DA:87,0
DA:88,0
DA:89,0
DA:93,0
DA:94,0
DA:95,0
DA:98,0
DA:105,0
DA:106,0
DA:107,0
DA:108,0
DA:109,0
DA:110,0
DA:114,0
DA:115,0
DA:116,0
DA:119,0
DA:126,0
DA:127,0
DA:129,0
DA:130,0
DA:134,0
DA:136,0
DA:137,0
DA:141,0
DA:142,0
DA:144,0
DA:145,0
DA:146,0
DA:149,0
DA:150,0
DA:151,0
DA:152,0
DA:154,0
DA:155,0
DA:156,0
DA:159,0
DA:160,0
DA:162,0
DA:163,0
DA:166,0
DA:167,0
DA:168,0
DA:170,0
DA:181,0
DA:185,0
LF:67
LH:0
BRDA:54,0,0,0
BRDA:54,0,1,0
BRDA:70,1,0,0
BRDA:70,1,1,0
BRDA:72,2,0,0
BRDA:72,2,1,0
BRDA:72,3,0,0
BRDA:72,3,1,0
BRDA:72,3,2,0
BRDA:88,4,0,0
BRDA:88,4,1,0
BRDA:94,5,0,0
BRDA:94,5,1,0
BRDA:109,6,0,0
BRDA:109,6,1,0
BRDA:115,7,0,0
BRDA:115,7,1,0
BRDA:115,8,0,0
BRDA:115,8,1,0
BRDA:119,9,0,0
BRDA:119,9,1,0
BRDA:129,10,0,0
BRDA:129,10,1,0
BRDA:136,11,0,0
BRDA:136,11,1,0
BRDA:149,12,0,0
BRDA:149,12,1,0
BRDA:150,13,0,0
BRDA:150,13,1,0
BRDA:151,14,0,0
BRDA:151,14,1,0
BRDA:154,15,0,0
BRDA:154,15,1,0
BRDA:155,16,0,0
BRDA:155,16,1,0
BRDA:159,17,0,0
BRDA:159,17,1,0
BRDA:167,18,0,0
BRDA:167,18,1,0
BRDA:183,19,0,0
BRF:40
BRH:0
end_of_record
TN:
SF:src/core/result-compactor.ts
FN:17,ensureOutputDir
FN:26,timestamp
FN:47,compactResult
FN:91,compactResults
FNF:4
FNH:4
FNDA:14,ensureOutputDir
FNDA:9,timestamp
FNDA:14,compactResult
FNDA:3,compactResults
DA:8,1
DA:9,1
DA:11,1
DA:12,1
DA:18,14
DA:19,4
DA:27,9
DA:47,1
DA:53,14
DA:55,14
DA:56,5
DA:62,9
DA:63,9
DA:64,9
DA:65,9
DA:67,9
DA:68,9
DA:71,0
DA:77,9
DA:91,1
DA:96,3
DA:98,3
DA:99,5
DA:102,3
LF:24
LH:23
BRDA:18,0,0,4
BRDA:18,0,1,10
BRDA:50,1,0,1
BRDA:51,2,0,5
BRDA:51,3,0,5
BRDA:51,3,1,5
BRDA:55,4,0,5
BRDA:55,4,1,9
BRDA:93,5,0,1
BRDA:94,6,0,3
BRDA:94,7,0,3
BRDA:94,7,1,3
BRF:12
BRH:12
end_of_record
TN:
SF:src/core/security.ts
FN:48,generateNonce
FN:55,applySecurityHeaders
FN:93,(anonymous_3)
FN:104,(anonymous_4)
FN:124,(anonymous_5)
FN:179,isReservedHostname
FN:202,isPrivateIP
FN:217,isPrivateIPv6
FN:230,validateOutboundUrl
FN:263,sanitizeHTML
FN:301,(anonymous_11)
FN:317,sanitizeFilename
FN:329,escapeHTML
FN:353,containsShellInjection
FN:361,validateSandboxCommand
FN:396,parseCommandArgs
FN:447,(anonymous_17)
FN:475,(anonymous_18)
FN:496,(anonymous_19)
FN:510,(anonymous_20)
FN:517,(anonymous_21)
FN:518,(anonymous_22)
FN:531,withTimeout
FN:538,(anonymous_24)
FN:540,(anonymous_25)
FN:564,(anonymous_26)
FN:569,(anonymous_27)
FN:588,(anonymous_28)
FN:592,(anonymous_29)
FN:605,getAuditor
FNF:30
FNH:0
FNDA:0,generateNonce
FNDA:0,applySecurityHeaders
FNDA:0,(anonymous_3)
FNDA:0,(anonymous_4)
FNDA:0,(anonymous_5)
FNDA:0,isReservedHostname
FNDA:0,isPrivateIP
FNDA:0,isPrivateIPv6
FNDA:0,validateOutboundUrl
FNDA:0,sanitizeHTML
FNDA:0,(anonymous_11)
FNDA:0,sanitizeFilename
FNDA:0,escapeHTML
FNDA:0,containsShellInjection
FNDA:0,validateSandboxCommand
FNDA:0,parseCommandArgs
FNDA:0,(anonymous_17)
FNDA:0,(anonymous_18)
FNDA:0,(anonymous_19)
FNDA:0,(anonymous_20)
FNDA:0,(anonymous_21)
FNDA:0,(anonymous_22)
FNDA:0,withTimeout
FNDA:0,(anonymous_24)
FNDA:0,(anonymous_25)
FNDA:0,(anonymous_26)
FNDA:0,(anonymous_27)
FNDA:0,(anonymous_28)
FNDA:0,(anonymous_29)
FNDA:0,getAuditor
DA:13,0
DA:15,0
DA:16,0
DA:21,0
DA:48,0
DA:49,0
DA:55,0
DA:59,0
DA:60,0
DA:61,0
DA:62,0
DA:64,0
DA:67,0
DA:73,0
DA:80,0
DA:87,0
DA:93,0
DA:97,0
DA:104,0
DA:114,0
DA:123,0
DA:125,0
DA:126,0
DA:127,0
DA:130,0
DA:132,0
DA:134,0
DA:135,0
DA:137,0
DA:139,0
DA:147,0
DA:164,0
DA:179,0
DA:180,0
DA:182,0
DA:185,0
DA:186,0
DA:190,0
DA:191,0
DA:195,0
DA:196,0
DA:199,0
DA:203,0
DA:204,0
DA:205,0
DA:207,0
DA:208,0
DA:209,0
DA:210,0
DA:211,0
DA:212,0
DA:214,0
DA:218,0
DA:219,0
DA:220,0
DA:221,0
DA:222,0
DA:223,0
DA:224,0
DA:230,0
DA:231,0
DA:232,0
DA:235,0
DA:236,0
DA:239,0
DA:242,0
DA:243,0
DA:247,0
DA:248,0
DA:251,0
DA:253,0
DA:263,0
DA:267,0
DA:302,0
DA:303,0
DA:304,0
DA:308,0
DA:317,0
DA:318,0
DA:329,0
DA:330,0
DA:343,0
DA:348,0
DA:353,0
DA:354,0
DA:361,0
DA:365,0
DA:366,0
DA:369,0
DA:370,0
DA:374,0
DA:375,0
DA:379,0
DA:380,0
DA:381,0
DA:385,0
DA:386,0
DA:387,0
DA:390,0
DA:396,0
DA:397,0
DA:398,0
DA:402,0
DA:404,0
DA:405,0
DA:407,0
DA:408,0
DA:410,0
DA:413,0
DA:440,0
DA:441,0
DA:442,0
DA:449,0
DA:451,0
DA:459,0
DA:462,0
DA:463,0
DA:467,0
DA:476,0
DA:493,0
DA:494,0
DA:495,0
DA:496,0
DA:497,0
DA:498,0
DA:499,0
DA:501,0
DA:504,0
DA:511,0
DA:518,0
DA:519,0
DA:520,0
DA:521,0
DA:531,0
DA:536,0
DA:539,0
DA:540,0
DA:559,0
DA:560,0
DA:565,0
DA:566,0
DA:570,0
DA:571,0
DA:574,0
DA:575,0
DA:576,0
DA:577,0
DA:580,0
DA:581,0
DA:584,0
DA:585,0
DA:589,0
DA:593,0
DA:594,0
DA:595,0
DA:596,0
DA:603,0
DA:605,0
DA:606,0
DA:607,0
LF:160
LH:0
BRDA:61,0,0,0
BRDA:61,0,1,0
BRDA:61,1,0,0
BRDA:61,1,1,0
BRDA:130,2,0,0
BRDA:130,2,1,0
BRDA:132,3,0,0
BRDA:132,3,1,0
BRDA:134,4,0,0
BRDA:134,4,1,0
BRDA:135,5,0,0
BRDA:135,5,1,0
BRDA:135,6,0,0
BRDA:135,6,1,0
BRDA:180,7,0,0
BRDA:180,7,1,0
BRDA:186,8,0,0
BRDA:186,8,1,0
BRDA:190,9,0,0
BRDA:190,9,1,0
BRDA:195,10,0,0
BRDA:195,10,1,0
BRDA:204,11,0,0
BRDA:204,11,1,0
BRDA:207,12,0,0
BRDA:207,12,1,0
BRDA:208,13,0,0
BRDA:208,13,1,0
BRDA:209,14,0,0
BRDA:209,14,1,0
BRDA:209,15,0,0
BRDA:209,15,1,0
BRDA:209,15,2,0
BRDA:209,15,3,0
BRDA:210,16,0,0
BRDA:210,16,1,0
BRDA:210,17,0,0
BRDA:210,17,1,0
BRDA:211,18,0,0
BRDA:211,18,1,0
BRDA:211,19,0,0
BRDA:211,19,1,0
BRDA:212,20,0,0
BRDA:212,20,1,0
BRDA:219,21,0,0
BRDA:219,21,1,0
BRDA:220,22,0,0
BRDA:220,22,1,0
BRDA:221,23,0,0
BRDA:221,23,1,0
BRDA:222,24,0,0
BRDA:222,24,1,0
BRDA:223,25,0,0
BRDA:223,25,1,0
BRDA:235,26,0,0
BRDA:235,26,1,0
BRDA:242,27,0,0
BRDA:242,27,1,0
BRDA:247,28,0,0
BRDA:247,28,1,0
BRDA:247,29,0,0
BRDA:247,29,1,0
BRDA:303,30,0,0
BRDA:303,30,1,0
BRDA:304,31,0,0
BRDA:304,31,1,0
BRDA:365,32,0,0
BRDA:365,32,1,0
BRDA:365,33,0,0
BRDA:365,33,1,0
BRDA:369,34,0,0
BRDA:369,34,1,0
BRDA:374,35,0,0
BRDA:374,35,1,0
BRDA:380,36,0,0
BRDA:380,36,1,0
BRDA:386,37,0,0
BRDA:386,37,1,0
BRDA:407,38,0,0
BRDA:407,38,1,0
BRDA:407,39,0,0
BRDA:407,39,1,0
BRDA:407,39,2,0
BRDA:407,39,3,0
BRDA:462,40,0,0
BRDA:462,40,1,0
BRDA:468,41,0,0
BRDA:468,41,1,0
BRDA:468,42,0,0
BRDA:468,42,1,0
BRDA:496,43,0,0
BRDA:496,43,1,0
BRDA:498,44,0,0
BRDA:498,44,1,0
BRDA:498,45,0,0
BRDA:498,45,1,0
BRDA:510,46,0,0
BRDA:519,47,0,0
BRDA:519,47,1,0
BRDA:520,48,0,0
BRDA:520,48,1,0
BRDA:520,49,0,0
BRDA:520,49,1,0
BRDA:540,50,0,0
BRDA:540,50,1,0
BRDA:574,51,0,0
BRDA:574,51,1,0
BRDA:574,52,0,0
BRDA:574,52,1,0
BRDA:580,53,0,0
BRDA:580,53,1,0
BRDA:595,54,0,0
BRDA:595,54,1,0
BRF:113
BRH:0
end_of_record
TN:
SF:src/features/budget/types.ts
FNF:0
FNH:0
DA:86,0
LF:1
LH:0
BRF:0
BRH:0
end_of_record
TN:
SF:src/features/computer-control/agent.ts
FN:29,(anonymous_0)
FN:46,(anonymous_1)
FN:89,(anonymous_2)
FN:98,(anonymous_3)
FN:105,(anonymous_4)
FNF:5
FNH:0
FNDA:0,(anonymous_0)
FNDA:0,(anonymous_1)
FNDA:0,(anonymous_2)
FNDA:0,(anonymous_3)
FNDA:0,(anonymous_4)
DA:25,0
DA:30,0
DA:31,0
DA:50,0
DA:52,0
DA:53,0
DA:56,0
DA:59,0
DA:62,0
DA:64,0
DA:65,0
DA:68,0
DA:69,0
DA:72,0
DA:73,0
DA:74,0
DA:75,0
DA:76,0
DA:77,0
DA:78,0
DA:80,0
DA:81,0
DA:82,0
DA:83,0
DA:84,0
DA:85,0
DA:89,0
DA:92,0
DA:99,0
DA:106,0
LF:30
LH:0
BRDA:32,0,0,0
BRDA:32,0,1,0
BRDA:33,1,0,0
BRDA:33,1,1,0
BRDA:34,2,0,0
BRDA:34,2,1,0
BRDA:64,3,0,0
BRDA:64,3,1,0
BRDA:68,4,0,0
BRDA:68,4,1,0
BRDA:72,5,0,0
BRDA:72,5,1,0
BRDA:74,6,0,0
BRDA:74,6,1,0
BRDA:76,7,0,0
BRDA:76,7,1,0
BRDA:80,8,0,0
BRDA:80,8,1,0
BRDA:82,9,0,0
BRDA:82,9,1,0
BRDA:84,10,0,0
BRDA:84,10,1,0
BRF:22
BRH:0
end_of_record
TN:
SF:src/features/computer-control/platform.ts
FN:11,detectPlatform
FN:22,isWayland
FN:29,isX11
FN:36,isHyprland
FNF:4
FNH:0
FNDA:0,detectPlatform
FNDA:0,isWayland
FNDA:0,isX11
FNDA:0,isHyprland
DA:11,0
DA:12,0
DA:13,0
DA:14,0
DA:15,0
DA:16,0
DA:22,0
DA:23,0
DA:29,0
DA:30,0
DA:36,0
DA:37,0
LF:12
LH:0
BRDA:13,0,0,0
BRDA:13,0,1,0
BRDA:14,1,0,0
BRDA:14,1,1,0
BRDA:15,2,0,0
BRDA:15,2,1,0
BRDA:23,3,0,0
BRDA:23,3,1,0
BRDA:30,4,0,0
BRDA:30,4,1,0
BRDA:30,4,2,0
BRDA:37,5,0,0
BRDA:37,5,1,0
BRF:13
BRH:0
end_of_record
TN:
SF:src/features/self-improving/analyzer.ts
FN:29,(anonymous_10)
FN:38,(anonymous_11)
FN:85,(anonymous_12)
FN:130,(anonymous_13)
FN:157,(anonymous_14)
FN:197,(anonymous_15)
FN:205,(anonymous_16)
FN:214,(anonymous_17)
FN:242,(anonymous_18)
FN:256,(anonymous_19)
FN:274,(anonymous_20)
FN:297,(anonymous_21)
FN:312,(anonymous_22)
FN:346,(anonymous_23)
FN:361,(anonymous_24)
FNF:15
FNH:0
FNDA:0,(anonymous_10)
FNDA:0,(anonymous_11)
FNDA:0,(anonymous_12)
FNDA:0,(anonymous_13)
FNDA:0,(anonymous_14)
FNDA:0,(anonymous_15)
FNDA:0,(anonymous_16)
FNDA:0,(anonymous_17)
FNDA:0,(anonymous_18)
FNDA:0,(anonymous_19)
FNDA:0,(anonymous_20)
FNDA:0,(anonymous_21)
FNDA:0,(anonymous_22)
FNDA:0,(anonymous_23)
FNDA:0,(anonymous_24)
DA:8,0
DA:9,0
DA:10,0
DA:12,0
DA:24,0
DA:30,0
DA:31,0
DA:32,0
DA:39,0
DA:40,0
DA:41,0
DA:42,0
DA:45,0
DA:46,0
DA:47,0
DA:48,0
DA:49,0
DA:51,0
DA:55,0
DA:56,0
DA:58,0
DA:71,0
DA:75,0
DA:76,0
DA:79,0
DA:86,0
DA:88,0
DA:89,0
DA:92,0
DA:93,0
DA:96,0
DA:97,0
DA:109,0
DA:110,0
DA:111,0
DA:114,0
DA:115,0
DA:130,0
DA:131,0
DA:134,0
DA:135,0
DA:146,0
DA:151,0
DA:158,0
DA:160,0
DA:161,0
DA:164,0
DA:165,0
DA:166,0
DA:170,0
DA:171,0
DA:172,0
DA:173,0
DA:191,0
DA:198,0
DA:199,0
DA:201,0
DA:202,0
DA:205,0
DA:207,0
DA:215,0
DA:217,0
DA:218,0
DA:220,0
DA:221,0
DA:223,0
DA:224,0
DA:226,0
DA:227,0
DA:229,0
DA:230,0
DA:232,0
DA:233,0
DA:236,0
DA:243,0
DA:257,0
DA:258,0
DA:260,0
DA:261,0
DA:262,0
DA:264,0
DA:265,0
DA:268,0
DA:275,0
DA:276,0
DA:278,0
DA:280,0
DA:282,0
DA:284,0
DA:286,0
DA:288,0
DA:290,0
DA:298,0
DA:306,0
DA:313,0
DA:314,0
DA:316,0
DA:317,0
DA:318,0
DA:320,0
DA:321,0
DA:322,0
DA:324,0
DA:325,0
DA:326,0
DA:328,0
DA:329,0
DA:330,0
DA:332,0
DA:333,0
DA:334,0
DA:336,0
DA:337,0
DA:338,0
DA:340,0
DA:347,0
DA:355,0
DA:362,0
DA:363,0
DA:364,0
DA:367,0
DA:368,0
DA:370,0
DA:371,0
DA:372,0
DA:373,0
DA:374,0
DA:375,0
DA:377,0
DA:380,0
DA:381,0
LF:131
LH:0
BRDA:48,0,0,0
BRDA:48,0,1,0
BRDA:56,1,0,0
BRDA:56,1,1,0
BRDA:61,2,0,0
BRDA:61,2,1,0
BRDA:88,3,0,0
BRDA:88,3,1,0
BRDA:114,4,0,0
BRDA:114,4,1,0
BRDA:134,5,0,0
BRDA:134,5,1,0
BRDA:134,6,0,0
BRDA:134,6,1,0
BRDA:138,7,0,0
BRDA:138,7,1,0
BRDA:160,8,0,0
BRDA:160,8,1,0
BRDA:172,9,0,0
BRDA:172,9,1,0
BRDA:172,10,0,0
BRDA:172,10,1,0
BRDA:198,11,0,0
BRDA:198,11,1,0
BRDA:205,12,0,0
BRDA:205,12,1,0
BRDA:217,13,0,0
BRDA:217,13,1,0
BRDA:217,14,0,0
BRDA:217,14,1,0
BRDA:217,14,2,0
BRDA:220,15,0,0
BRDA:220,15,1,0
BRDA:220,16,0,0
BRDA:220,16,1,0
BRDA:220,16,2,0
BRDA:223,17,0,0
BRDA:223,17,1,0
BRDA:223,18,0,0
BRDA:223,18,1,0
BRDA:223,18,2,0
BRDA:226,19,0,0
BRDA:226,19,1,0
BRDA:226,20,0,0
BRDA:226,20,1,0
BRDA:226,20,2,0
BRDA:229,21,0,0
BRDA:229,21,1,0
BRDA:229,22,0,0
BRDA:229,22,1,0
BRDA:229,22,2,0
BRDA:232,23,0,0
BRDA:232,23,1,0
BRDA:232,24,0,0
BRDA:232,24,1,0
BRDA:232,24,2,0
BRDA:262,25,0,0
BRDA:262,25,1,0
BRDA:265,26,0,0
BRDA:265,26,1,0
BRDA:276,27,0,0
BRDA:276,27,1,0
BRDA:276,27,2,0
BRDA:276,27,3,0
BRDA:276,27,4,0
BRDA:276,27,5,0
BRDA:276,27,6,0
BRDA:278,28,0,0
BRDA:278,28,1,0
BRDA:280,29,0,0
BRDA:280,29,1,0
BRDA:282,30,0,0
BRDA:282,30,1,0
BRDA:284,31,0,0
BRDA:284,31,1,0
BRDA:286,32,0,0
BRDA:286,32,1,0
BRDA:288,33,0,0
BRDA:288,33,1,0
BRDA:290,34,0,0
BRDA:290,34,1,0
BRDA:306,35,0,0
BRDA:306,35,1,0
BRDA:314,36,0,0
BRDA:314,36,1,0
BRDA:314,36,2,0
BRDA:314,36,3,0
BRDA:314,36,4,0
BRDA:314,36,5,0
BRDA:355,37,0,0
BRDA:355,37,1,0
BRDA:363,38,0,0
BRDA:363,38,1,0
BRF:93
BRH:0
end_of_record
TN:
SF:src/features/self-improving/skill-creator.ts
FN:19,(anonymous_9)
FN:28,(anonymous_10)
FN:32,(anonymous_11)
FN:53,(anonymous_12)
FN:74,(anonymous_13)
FN:83,(anonymous_14)
FN:95,(anonymous_15)
FN:114,(anonymous_16)
FN:134,(anonymous_17)
FN:210,(anonymous_18)
FN:229,(anonymous_19)
FN:248,(anonymous_20)
FN:256,(anonymous_21)
FN:257,(anonymous_22)
FNF:14
FNH:0
FNDA:0,(anonymous_9)
FNDA:0,(anonymous_10)
FNDA:0,(anonymous_11)
FNDA:0,(anonymous_12)
FNDA:0,(anonymous_13)
FNDA:0,(anonymous_14)
FNDA:0,(anonymous_15)
FNDA:0,(anonymous_16)
FNDA:0,(anonymous_17)
FNDA:0,(anonymous_18)
FNDA:0,(anonymous_19)
FNDA:0,(anonymous_20)
FNDA:0,(anonymous_21)
FNDA:0,(anonymous_22)
DA:8,0
DA:9,0
DA:10,0
DA:14,0
DA:20,0
DA:21,0
DA:22,0
DA:29,0
DA:32,0
DA:34,0
DA:35,0
DA:37,0
DA:39,0
DA:42,0
DA:43,0
DA:47,0
DA:54,0
DA:56,0
DA:57,0
DA:61,0
DA:62,0
DA:65,0
DA:68,0
DA:75,0
DA:77,0
DA:78,0
DA:80,0
DA:81,0
DA:84,0
DA:87,0
DA:96,0
DA:98,0
DA:114,0
DA:135,0
DA:136,0
DA:138,0
DA:140,0
DA:165,0
DA:166,0
DA:167,0
DA:168,0
DA:169,0
DA:170,0
DA:171,0
DA:172,0
DA:174,0
DA:175,0
DA:178,0
DA:189,0
DA:190,0
DA:191,0
DA:204,0
DA:211,0
DA:223,0
DA:230,0
DA:242,0
DA:249,0
DA:250,0
DA:253,0
DA:254,0
DA:256,0
DA:257,0
DA:259,0
LF:63
LH:0
BRDA:19,0,0,0
BRDA:32,1,0,0
BRDA:32,1,1,0
BRDA:37,2,0,0
BRDA:37,2,1,0
BRDA:56,3,0,0
BRDA:56,3,1,0
BRDA:77,4,0,0
BRDA:77,4,1,0
BRDA:80,5,0,0
BRDA:80,5,1,0
BRDA:167,6,0,0
BRDA:167,6,1,0
BRDA:167,7,0,0
BRDA:167,7,1,0
BRDA:169,8,0,0
BRDA:169,8,1,0
BRDA:171,9,0,0
BRDA:171,9,1,0
BRDA:174,10,0,0
BRDA:174,10,1,0
BRDA:190,11,0,0
BRDA:190,11,1,0
BRDA:223,12,0,0
BRDA:223,12,1,0
BRDA:242,13,0,0
BRDA:242,13,1,0
BRDA:249,14,0,0
BRDA:249,14,1,0
BRF:29
BRH:0
end_of_record
TN:
SF:src/mcp/server.ts
FN:45,isExecutableTool
FN:50,getRequiredString
FN:68,(anonymous_11)
FN:97,(anonymous_12)
FN:104,(anonymous_13)
FN:108,(anonymous_14)
FN:112,(anonymous_15)
FN:161,(anonymous_16)
FN:165,(anonymous_17)
FN:169,(anonymous_18)
FN:173,(anonymous_19)
FN:177,(anonymous_20)
FN:189,createTool
FN:211,(anonymous_22)
FN:212,(anonymous_23)
FN:227,(anonymous_24)
FN:228,(anonymous_25)
FN:248,(anonymous_26)
FN:249,(anonymous_27)
FNF:19
FNH:0
FNDA:0,isExecutableTool
FNDA:0,getRequiredString
FNDA:0,(anonymous_11)
FNDA:0,(anonymous_12)
FNDA:0,(anonymous_13)
FNDA:0,(anonymous_14)
FNDA:0,(anonymous_15)
FNDA:0,(anonymous_16)
FNDA:0,(anonymous_17)
FNDA:0,(anonymous_18)
FNDA:0,(anonymous_19)
FNDA:0,(anonymous_20)
FNDA:0,createTool
FNDA:0,(anonymous_22)
FNDA:0,(anonymous_23)
FNDA:0,(anonymous_24)
FNDA:0,(anonymous_25)
FNDA:0,(anonymous_26)
FNDA:0,(anonymous_27)
DA:8,0
DA:18,0
DA:46,0
DA:47,0
DA:51,0
DA:52,0
DA:53,0
DA:55,0
DA:61,0
DA:63,0
DA:64,0
DA:65,0
DA:69,0
DA:70,0
DA:71,0
DA:73,0
DA:74,0
DA:75,0
DA:79,0
DA:80,0
DA:81,0
DA:85,0
DA:86,0
DA:87,0
DA:91,0
DA:98,0
DA:99,0
DA:101,0
DA:105,0
DA:109,0
DA:113,0
DA:115,0
DA:116,0
DA:126,0
DA:127,0
DA:128,0
DA:130,0
DA:131,0
DA:134,0
DA:136,0
DA:138,0
DA:147,0
DA:148,0
DA:150,0
DA:162,0
DA:166,0
DA:170,0
DA:174,0
DA:178,0
DA:189,0
DA:195,0
DA:206,0
DA:212,0
DA:213,0
DA:214,0
DA:215,0
DA:228,0
DA:229,0
DA:230,0
DA:231,0
DA:232,0
DA:249,0
DA:250,0
DA:251,0
DA:252,0
DA:253,0
DA:254,0
DA:255,0
DA:257,0
DA:258,0
DA:259,0
DA:264,0
LF:72
LH:0
BRDA:52,0,0,0
BRDA:52,0,1,0
BRDA:52,1,0,0
BRDA:52,1,1,0
BRDA:68,2,0,0
BRDA:71,3,0,0
BRDA:71,3,1,0
BRDA:73,4,0,0
BRDA:73,4,1,0
BRDA:79,5,0,0
BRDA:79,5,1,0
BRDA:85,6,0,0
BRDA:85,6,1,0
BRDA:98,7,0,0
BRDA:98,7,1,0
BRDA:115,8,0,0
BRDA:115,8,1,0
BRDA:127,9,0,0
BRDA:127,9,1,0
BRDA:130,10,0,0
BRDA:130,10,1,0
BRDA:142,11,0,0
BRDA:142,11,1,0
BRDA:147,12,0,0
BRDA:147,12,1,0
BRDA:254,13,0,0
BRDA:254,13,1,0
BRF:27
BRH:0
end_of_record
TN:
SF:src/mcp/types.ts
FNF:0
FNH:0
DA:6,0
DA:38,0
DA:42,0
DA:77,0
DA:109,0
DA:122,0
DA:126,0
DA:132,0
DA:139,0
DA:149,0
DA:157,0
DA:166,0
DA:175,0
DA:179,0
DA:186,0
DA:190,0
DA:197,0
DA:205,0
DA:221,0
DA:225,0
DA:231,0
DA:236,0
DA:247,0
DA:272,0
DA:283,0
DA:293,0
LF:26
LH:0
BRF:0
BRH:0
end_of_record
TN:
SF:src/memory/graph.ts
FN:40,(anonymous_0)
FN:46,(anonymous_1)
FN:76,(anonymous_2)
FN:91,(anonymous_3)
FN:133,(anonymous_4)
FN:158,(anonymous_5)
FN:197,(anonymous_6)
FN:208,(anonymous_7)
FN:221,(anonymous_8)
FN:238,(anonymous_9)
FN:256,(anonymous_10)
FN:261,(anonymous_11)
FN:287,(anonymous_12)
FN:290,(anonymous_13)
FN:298,(anonymous_14)
FN:302,(anonymous_15)
FN:339,(anonymous_16)
FN:359,(anonymous_17)
FN:371,getMemoryGraph
FNF:19
FNH:0
FNDA:0,(anonymous_0)
FNDA:0,(anonymous_1)
FNDA:0,(anonymous_2)
FNDA:0,(anonymous_3)
FNDA:0,(anonymous_4)
FNDA:0,(anonymous_5)
FNDA:0,(anonymous_6)
FNDA:0,(anonymous_7)
FNDA:0,(anonymous_8)
FNDA:0,(anonymous_9)
FNDA:0,(anonymous_10)
FNDA:0,(anonymous_11)
FNDA:0,(anonymous_12)
FNDA:0,(anonymous_13)
FNDA:0,(anonymous_14)
FNDA:0,(anonymous_15)
FNDA:0,(anonymous_16)
FNDA:0,(anonymous_17)
FNDA:0,getMemoryGraph
DA:8,2
DA:37,2
DA:41,0
DA:42,0
DA:53,0
DA:54,0
DA:56,0
DA:57,0
DA:61,0
DA:78,0
DA:79,0
DA:83,0
DA:87,0
DA:92,0
DA:93,0
DA:94,0
DA:96,0
DA:97,0
DA:98,0
DA:102,0
DA:103,0
DA:105,0
DA:106,0
DA:109,0
DA:113,0
DA:114,0
DA:126,0
DA:129,0
DA:130,0
DA:132,0
DA:133,0
DA:134,0
DA:135,0
DA:138,0
DA:143,0
DA:144,0
DA:145,0
DA:154,0
DA:159,0
DA:160,0
DA:161,0
DA:163,0
DA:164,0
DA:166,0
DA:168,0
DA:171,0
DA:173,0
DA:176,0
DA:182,0
DA:183,0
DA:184,0
DA:188,0
DA:193,0
DA:198,0
DA:208,0
DA:227,0
DA:244,0
DA:245,0
DA:246,0
DA:248,0
DA:252,0
DA:256,0
DA:265,0
DA:271,0
DA:272,0
DA:273,0
DA:274,0
DA:275,0
DA:276,0
DA:280,0
DA:281,0
DA:283,0
DA:284,0
DA:285,0
DA:287,0
DA:288,0
DA:289,0
DA:290,0
DA:293,0
DA:298,0
DA:306,0
DA:307,0
DA:308,0
DA:310,0
DA:311,0
DA:314,0
DA:315,0
DA:316,0
DA:327,0
DA:328,0
DA:329,0
DA:332,0
DA:335,0
DA:343,0
DA:344,0
DA:345,0
DA:347,0
DA:348,0
DA:349,0
DA:350,0
DA:351,0
DA:352,0
DA:355,0
DA:360,0
DA:361,0
DA:363,0
DA:369,2
DA:371,2
DA:372,0
DA:373,0
LF:110
LH:4
BRDA:50,0,0,0
BRDA:56,1,0,0
BRDA:56,1,1,0
BRDA:56,2,0,0
BRDA:56,2,1,0
BRDA:57,3,0,0
BRDA:57,3,1,0
BRDA:78,4,0,0
BRDA:78,4,1,0
BRDA:91,5,0,0
BRDA:92,6,0,0
BRDA:92,6,1,0
BRDA:93,7,0,0
BRDA:93,7,1,0
BRDA:105,8,0,0
BRDA:105,8,1,0
BRDA:113,9,0,0
BRDA:113,9,1,0
BRDA:126,10,0,0
BRDA:126,10,1,0
BRDA:132,11,0,0
BRDA:132,11,1,0
BRDA:132,12,0,0
BRDA:132,12,1,0
BRDA:144,13,0,0
BRDA:144,13,1,0
BRDA:158,14,0,0
BRDA:166,15,0,0
BRDA:166,15,1,0
BRDA:173,16,0,0
BRDA:173,16,1,0
BRDA:183,17,0,0
BRDA:183,17,1,0
BRDA:246,18,0,0
BRDA:246,18,1,0
BRDA:261,19,0,0
BRDA:273,20,0,0
BRDA:273,20,1,0
BRDA:274,21,0,0
BRDA:274,21,1,0
BRDA:285,22,0,0
BRDA:285,22,1,0
BRDA:285,23,0,0
BRDA:285,23,1,0
BRDA:288,24,0,0
BRDA:288,24,1,0
BRDA:314,25,0,0
BRDA:314,25,1,0
BRDA:328,26,0,0
BRDA:328,26,1,0
BRDA:332,27,0,0
BRDA:332,27,1,0
BRDA:347,28,0,0
BRDA:347,28,1,0
BRDA:350,29,0,0
BRDA:350,29,1,0
BRF:56
BRH:0
end_of_record
TN:
SF:src/memory/markdown.ts
FN:32,(anonymous_0)
FN:37,(anonymous_1)
FN:44,(anonymous_2)
FN:72,(anonymous_3)
FN:98,(anonymous_4)
FN:114,(anonymous_5)
FN:149,(anonymous_6)
FN:158,(anonymous_7)
FN:167,(anonymous_8)
FN:170,(anonymous_9)
FN:171,(anonymous_10)
FN:172,(anonymous_11)
FN:173,(anonymous_12)
FN:177,(anonymous_13)
FN:180,(anonymous_14)
FN:183,(anonymous_15)
FN:189,(anonymous_16)
FN:190,(anonymous_17)
FN:194,(anonymous_18)
FNF:19
FNH:0
FNDA:0,(anonymous_0)
FNDA:0,(anonymous_1)
FNDA:0,(anonymous_2)
FNDA:0,(anonymous_3)
FNDA:0,(anonymous_4)
FNDA:0,(anonymous_5)
FNDA:0,(anonymous_6)
FNDA:0,(anonymous_7)
FNDA:0,(anonymous_8)
FNDA:0,(anonymous_9)
FNDA:0,(anonymous_10)
FNDA:0,(anonymous_11)
FNDA:0,(anonymous_12)
FNDA:0,(anonymous_13)
FNDA:0,(anonymous_14)
FNDA:0,(anonymous_15)
FNDA:0,(anonymous_16)
FNDA:0,(anonymous_17)
FNDA:0,(anonymous_18)
DA:8,0
DA:9,0
DA:29,0
DA:33,0
DA:38,0
DA:39,0
DA:45,0
DA:47,0
DA:48,0
DA:50,0
DA:53,0
DA:56,0
DA:57,0
DA:58,0
DA:59,0
DA:60,0
DA:62,0
DA:63,0
DA:64,0
DA:66,0
DA:67,0
DA:68,0
DA:69,0
DA:70,0
DA:71,0
DA:72,0
DA:73,0
DA:74,0
DA:76,0
DA:82,0
DA:83,0
DA:93,0
DA:99,0
DA:100,0
DA:101,0
DA:103,0
DA:104,0
DA:105,0
DA:106,0
DA:110,0
DA:115,0
DA:116,0
DA:119,0
DA:120,0
DA:122,0
DA:124,0
DA:125,0
DA:126,0
DA:129,0
DA:130,0
DA:132,0
DA:142,0
DA:143,0
DA:145,0
DA:151,0
DA:152,0
DA:153,0
DA:154,0
DA:159,0
DA:160,0
DA:161,0
DA:162,0
DA:163,0
DA:168,0
DA:169,0
DA:170,0
DA:171,0
DA:172,0
DA:173,0
DA:178,0
DA:179,0
DA:181,0
DA:183,0
DA:190,0
DA:195,0
LF:75
LH:0
BRDA:32,0,0,0
BRDA:38,1,0,0
BRDA:38,1,1,0
BRDA:48,2,0,0
BRDA:48,2,1,0
BRDA:50,3,0,0
BRDA:50,3,1,0
BRDA:62,4,0,0
BRDA:62,4,1,0
BRDA:68,5,0,0
BRDA:68,5,1,0
BRDA:71,6,0,0
BRDA:71,6,1,0
BRDA:73,7,0,0
BRDA:73,7,1,0
BRDA:99,8,0,0
BRDA:99,8,1,0
BRDA:100,9,0,0
BRDA:100,9,1,0
BRDA:103,10,0,0
BRDA:103,10,1,0
BRDA:105,11,0,0
BRDA:105,11,1,0
BRDA:105,12,0,0
BRDA:105,12,1,0
BRDA:116,13,0,0
BRDA:116,13,1,0
BRDA:119,14,0,0
BRDA:119,14,1,0
BRDA:119,15,0,0
BRDA:119,15,1,0
BRDA:119,15,2,0
BRDA:122,16,0,0
BRDA:122,16,1,0
BRDA:125,17,0,0
BRDA:125,17,1,0
BRDA:130,18,0,0
BRDA:130,18,1,0
BRDA:138,19,0,0
BRDA:138,19,1,0
BRDA:152,20,0,0
BRDA:152,20,1,0
BRDA:153,21,0,0
BRDA:153,21,1,0
BRDA:160,22,0,0
BRDA:160,22,1,0
BRDA:161,23,0,0
BRDA:161,23,1,0
BRDA:168,24,0,0
BRDA:168,24,1,0
BRDA:177,25,0,0
BRDA:181,26,0,0
BRDA:181,26,1,0
BRDA:181,26,2,0
BRF:54
BRH:0
end_of_record
TN:
SF:src/memory/self-evolving.ts
FN:71,(anonymous_0)
FN:76,(anonymous_1)
FN:77,(anonymous_2)
FN:78,(anonymous_3)
FN:91,(anonymous_4)
FN:98,(anonymous_5)
FN:104,(anonymous_6)
FN:110,(anonymous_7)
FN:128,(anonymous_8)
FN:138,(anonymous_9)
FN:189,(anonymous_10)
FN:207,(anonymous_11)
FN:208,(anonymous_12)
FN:224,(anonymous_13)
FN:252,(anonymous_14)
FN:257,(anonymous_15)
FN:261,(anonymous_16)
FN:262,(anonymous_17)
FN:266,(anonymous_18)
FN:269,(anonymous_19)
FNF:20
FNH:0
FNDA:0,(anonymous_0)
FNDA:0,(anonymous_1)
FNDA:0,(anonymous_2)
FNDA:0,(anonymous_3)
FNDA:0,(anonymous_4)
FNDA:0,(anonymous_5)
FNDA:0,(anonymous_6)
FNDA:0,(anonymous_7)
FNDA:0,(anonymous_8)
FNDA:0,(anonymous_9)
FNDA:0,(anonymous_10)
FNDA:0,(anonymous_11)
FNDA:0,(anonymous_12)
FNDA:0,(anonymous_13)
FNDA:0,(anonymous_14)
FNDA:0,(anonymous_15)
FNDA:0,(anonymous_16)
FNDA:0,(anonymous_17)
FNDA:0,(anonymous_18)
FNDA:0,(anonymous_19)
DA:51,0
DA:58,0
DA:67,0
DA:68,0
DA:69,0
DA:72,0
DA:73,0
DA:77,0
DA:78,0
DA:79,0
DA:85,0
DA:92,0
DA:93,0
DA:94,0
DA:99,0
DA:104,0
DA:111,0
DA:112,0
DA:123,0
DA:124,0
DA:129,0
DA:130,0
DA:131,0
DA:132,0
DA:133,0
DA:139,0
DA:143,0
DA:144,0
DA:147,0
DA:148,0
DA:149,0
DA:150,0
DA:151,0
DA:153,0
DA:155,0
DA:156,0
DA:158,0
DA:159,0
DA:160,0
DA:161,0
DA:162,0
DA:163,0
DA:164,0
DA:170,0
DA:171,0
DA:175,0
DA:178,0
DA:180,0
DA:190,0
DA:193,0
DA:194,0
DA:195,0
DA:196,0
DA:197,0
DA:198,0
DA:204,0
DA:205,0
DA:206,0
DA:207,0
DA:208,0
DA:210,0
DA:211,0
DA:225,0
DA:226,0
DA:228,0
DA:229,0
DA:230,0
DA:231,0
DA:236,0
DA:237,0
DA:238,0
DA:239,0
DA:240,0
DA:243,0
DA:244,0
DA:246,0
DA:253,0
DA:258,0
DA:259,0
DA:260,0
DA:261,0
DA:262,0
DA:267,0
DA:268,0
DA:269,0
DA:270,0
DA:271,0
DA:275,0
LF:88
LH:0
BRDA:80,0,0,0
BRDA:80,0,1,0
BRDA:92,1,0,0
BRDA:92,1,1,0
BRDA:110,2,0,0
BRDA:110,3,0,0
BRDA:130,4,0,0
BRDA:130,4,1,0
BRDA:153,5,0,0
BRDA:153,5,1,0
BRDA:153,6,0,0
BRDA:153,6,1,0
BRDA:156,7,0,0
BRDA:156,7,1,0
BRDA:197,8,0,0
BRDA:197,8,1,0
BRDA:198,9,0,0
BRDA:198,9,1,0
BRDA:205,10,0,0
BRDA:205,10,1,0
BRDA:230,11,0,0
BRDA:230,11,1,0
BRDA:230,12,0,0
BRDA:230,12,1,0
BRDA:230,12,2,0
BRDA:239,13,0,0
BRDA:239,13,1,0
BRDA:239,14,0,0
BRDA:239,14,1,0
BRDA:243,15,0,0
BRDA:243,15,1,0
BRDA:259,16,0,0
BRDA:259,16,1,0
BRDA:271,17,0,0
BRDA:271,17,1,0
BRF:35
BRH:0
end_of_record
TN:
SF:src/memory/semantic.ts
FN:46,(anonymous_1)
FN:49,(anonymous_2)
FN:139,(anonymous_3)
FN:180,(anonymous_4)
FN:197,(anonymous_5)
FN:214,(anonymous_6)
FN:231,(anonymous_7)
FN:239,(anonymous_8)
FN:243,(anonymous_9)
FN:267,(anonymous_10)
FN:286,(anonymous_11)
FN:296,(anonymous_12)
FN:312,(anonymous_13)
FN:319,(anonymous_14)
FN:326,(anonymous_15)
FN:332,(anonymous_16)
FN:336,(anonymous_17)
FN:344,(anonymous_18)
FN:350,(anonymous_19)
FN:357,(anonymous_20)
FN:362,(anonymous_21)
FN:366,(anonymous_22)
FN:384,(anonymous_23)
FN:395,(anonymous_24)
FN:410,(anonymous_25)
FN:415,(anonymous_26)
FN:429,(anonymous_27)
FN:441,getSemanticMemory
FNF:28
FNH:0
FNDA:0,(anonymous_1)
FNDA:0,(anonymous_2)
FNDA:0,(anonymous_3)
FNDA:0,(anonymous_4)
FNDA:0,(anonymous_5)
FNDA:0,(anonymous_6)
FNDA:0,(anonymous_7)
FNDA:0,(anonymous_8)
FNDA:0,(anonymous_9)
FNDA:0,(anonymous_10)
FNDA:0,(anonymous_11)
FNDA:0,(anonymous_12)
FNDA:0,(anonymous_13)
FNDA:0,(anonymous_14)
FNDA:0,(anonymous_15)
FNDA:0,(anonymous_16)
FNDA:0,(anonymous_17)
FNDA:0,(anonymous_18)
FNDA:0,(anonymous_19)
FNDA:0,(anonymous_20)
FNDA:0,(anonymous_21)
FNDA:0,(anonymous_22)
FNDA:0,(anonymous_23)
FNDA:0,(anonymous_24)
FNDA:0,(anonymous_25)
FNDA:0,(anonymous_26)
FNDA:0,(anonymous_27)
FNDA:0,getSemanticMemory
DA:9,2
DA:10,2
DA:11,2
DA:13,2
DA:42,2
DA:44,0
DA:46,0
DA:50,0
DA:52,0
DA:53,0
DA:54,0
DA:57,0
DA:58,0
DA:59,0
DA:60,0
DA:62,0
DA:135,0
DA:140,0
DA:142,0
DA:143,0
DA:144,0
DA:147,0
DA:151,0
DA:153,0
DA:156,0
DA:160,0
DA:162,0
DA:176,0
DA:181,0
DA:184,0
DA:185,0
DA:187,0
DA:188,0
DA:189,0
DA:197,0
DA:200,0
DA:205,0
DA:206,0
DA:207,0
DA:208,0
DA:209,0
DA:210,0
DA:211,0
DA:214,0
DA:219,0
DA:222,0
DA:223,0
DA:224,0
DA:227,0
DA:232,0
DA:234,0
DA:235,0
DA:239,0
DA:244,0
DA:247,0
DA:248,0
DA:250,0
DA:256,0
DA:259,0
DA:268,0
DA:270,0
DA:271,0
DA:287,0
DA:289,0
DA:292,0
DA:297,0
DA:299,0
DA:302,0
DA:303,0
DA:306,0
DA:308,0
DA:313,0
DA:314,0
DA:315,0
DA:320,0
DA:321,0
DA:322,0
DA:327,0
DA:328,0
DA:332,0
DA:337,0
DA:338,0
DA:339,0
DA:345,0
DA:346,0
DA:351,0
DA:352,0
DA:358,0
DA:362,0
DA:375,0
DA:376,0
DA:377,0
DA:379,0
DA:380,0
DA:384,0
DA:385,0
DA:386,0
DA:387,0
DA:391,0
DA:396,0
DA:397,0
DA:399,0
DA:400,0
DA:401,0
DA:402,0
DA:405,0
DA:406,0
DA:411,0
DA:416,0
DA:430,0
DA:431,0
DA:433,0
DA:439,2
DA:441,2
DA:442,0
DA:443,0
DA:444,0
DA:446,0
LF:118
LH:7
BRDA:46,0,0,0
BRDA:50,1,0,0
BRDA:50,1,1,0
BRDA:53,2,0,0
BRDA:53,2,1,0
BRDA:151,3,0,0
BRDA:151,3,1,0
BRDA:170,4,0,0
BRDA:170,4,1,0
BRDA:173,5,0,0
BRDA:173,5,1,0
BRDA:180,6,0,0
BRDA:187,7,0,0
BRDA:187,7,1,0
BRDA:205,8,0,0
BRDA:205,8,1,0
BRDA:207,9,0,0
BRDA:207,9,1,0
BRDA:209,10,0,0
BRDA:209,10,1,0
BRDA:214,11,0,0
BRDA:214,11,1,0
BRDA:214,12,0,0
BRDA:214,12,1,0
BRDA:292,13,0,0
BRDA:292,13,1,0
BRDA:302,14,0,0
BRDA:302,14,1,0
BRDA:326,15,0,0
BRDA:337,16,0,0
BRDA:337,16,1,0
BRDA:351,17,0,0
BRDA:351,17,1,0
BRDA:385,18,0,0
BRDA:385,18,1,0
BRDA:406,19,0,0
BRDA:406,19,1,0
BRDA:442,20,0,0
BRDA:442,20,1,0
BRF:39
BRH:0
end_of_record
TN:
SF:src/memory/sqlite.ts
FN:47,(anonymous_1)
FN:50,(anonymous_2)
FN:108,(anonymous_3)
FN:132,(anonymous_4)
FN:165,(anonymous_5)
FN:185,(anonymous_6)
FN:194,(anonymous_7)
FN:207,(anonymous_8)
FN:215,(anonymous_9)
FN:223,(anonymous_10)
FN:231,(anonymous_11)
FN:239,(anonymous_12)
FN:250,getSQLiteMemory
FNF:13
FNH:0
FNDA:0,(anonymous_1)
FNDA:0,(anonymous_2)
FNDA:0,(anonymous_3)
FNDA:0,(anonymous_4)
FNDA:0,(anonymous_5)
FNDA:0,(anonymous_6)
FNDA:0,(anonymous_7)
FNDA:0,(anonymous_8)
FNDA:0,(anonymous_9)
FNDA:0,(anonymous_10)
FNDA:0,(anonymous_11)
FNDA:0,(anonymous_12)
FNDA:0,getSQLiteMemory
DA:8,0
DA:9,0
DA:10,0
DA:12,0
DA:43,0
DA:45,0
DA:47,0
DA:51,0
DA:53,0
DA:54,0
DA:55,0
DA:58,0
DA:59,0
DA:60,0
DA:61,0
DA:63,0
DA:104,0
DA:109,0
DA:111,0
DA:112,0
DA:113,0
DA:123,0
DA:128,0
DA:133,0
DA:136,0
DA:137,0
DA:139,0
DA:140,0
DA:149,0
DA:152,0
DA:153,0
DA:154,0
DA:157,0
DA:160,0
DA:166,0
DA:173,0
DA:176,0
DA:177,0
DA:178,0
DA:181,0
DA:186,0
DA:188,0
DA:195,0
DA:197,0
DA:198,0
DA:199,0
DA:203,0
DA:208,0
DA:210,0
DA:211,0
DA:216,0
DA:218,0
DA:219,0
DA:224,0
DA:226,0
DA:232,0
DA:233,0
DA:234,0
DA:240,0
DA:241,0
DA:247,0
DA:250,0
DA:251,0
DA:252,0
DA:253,0
DA:255,0
LF:66
LH:0
BRDA:47,0,0,0
BRDA:51,1,0,0
BRDA:51,1,1,0
BRDA:54,2,0,0
BRDA:54,2,1,0
BRDA:108,3,0,0
BRDA:116,4,0,0
BRDA:116,4,1,0
BRDA:120,5,0,0
BRDA:120,5,1,0
BRDA:132,6,0,0
BRDA:137,7,0,0
BRDA:137,7,1,0
BRDA:185,8,0,0
BRDA:198,9,0,0
BRDA:198,9,1,0
BRDA:203,10,0,0
BRDA:203,10,1,0
BRDA:232,11,0,0
BRDA:232,11,1,0
BRDA:240,12,0,0
BRDA:240,12,1,0
BRDA:251,13,0,0
BRDA:251,13,1,0
BRF:24
BRH:0
end_of_record
TN:
SF:src/memory/supabase.ts
FN:53,(anonymous_0)
FN:58,(anonymous_1)
FN:72,(anonymous_2)
FN:103,(anonymous_3)
FN:118,(anonymous_4)
FN:131,(anonymous_5)
FN:144,(anonymous_6)
FN:167,(anonymous_7)
FNF:8
FNH:0
FNDA:0,(anonymous_0)
FNDA:0,(anonymous_1)
FNDA:0,(anonymous_2)
FNDA:0,(anonymous_3)
FNDA:0,(anonymous_4)
FNDA:0,(anonymous_5)
FNDA:0,(anonymous_6)
FNDA:0,(anonymous_7)
DA:49,0
DA:50,0
DA:54,0
DA:59,0
DA:60,0
DA:62,0
DA:63,0
DA:68,0
DA:77,0
DA:79,0
DA:89,0
DA:95,0
DA:96,0
DA:97,0
DA:99,0
DA:104,0
DA:106,0
DA:113,0
DA:114,0
DA:119,0
DA:121,0
DA:127,0
DA:132,0
DA:134,0
DA:140,0
DA:150,0
DA:152,0
DA:156,0
DA:157,0
DA:158,0
DA:159,0
DA:161,0
DA:162,0
DA:163,0
DA:168,0
DA:170,0
DA:177,0
DA:178,0
LF:38
LH:0
BRDA:53,0,0,0
BRDA:59,1,0,0
BRDA:59,1,1,0
BRDA:60,2,0,0
BRDA:60,2,1,0
BRDA:62,3,0,0
BRDA:62,3,1,0
BRDA:62,4,0,0
BRDA:62,4,1,0
BRDA:75,5,0,0
BRDA:77,6,0,0
BRDA:77,6,1,0
BRDA:80,7,0,0
BRDA:80,7,1,0
BRDA:83,8,0,0
BRDA:83,8,1,0
BRDA:84,9,0,0
BRDA:84,9,1,0
BRDA:85,10,0,0
BRDA:85,10,1,0
BRDA:86,11,0,0
BRDA:86,11,1,0
BRDA:95,12,0,0
BRDA:95,12,1,0
BRDA:103,13,0,0
BRDA:104,14,0,0
BRDA:104,14,1,0
BRDA:113,15,0,0
BRDA:113,15,1,0
BRDA:118,16,0,0
BRDA:119,17,0,0
BRDA:119,17,1,0
BRDA:131,18,0,0
BRDA:132,19,0,0
BRDA:132,19,1,0
BRDA:144,20,0,0
BRDA:150,21,0,0
BRDA:150,21,1,0
BRDA:156,22,0,0
BRDA:156,22,1,0
BRDA:157,23,0,0
BRDA:157,23,1,0
BRDA:159,24,0,0
BRDA:159,24,1,0
BRDA:162,25,0,0
BRDA:162,25,1,0
BRDA:163,26,0,0
BRDA:163,26,1,0
BRDA:167,27,0,0
BRDA:167,28,0,0
BRDA:168,29,0,0
BRDA:168,29,1,0
BRDA:177,30,0,0
BRDA:177,30,1,0
BRDA:178,31,0,0
BRDA:178,31,1,0
BRF:56
BRH:0
end_of_record
TN:
SF:src/security/allowlists.ts
FN:59,(anonymous_0)
FN:74,(anonymous_1)
FN:112,(anonymous_2)
FN:132,(anonymous_3)
FN:169,(anonymous_4)
FN:204,(anonymous_5)
FN:237,(anonymous_6)
FN:244,(anonymous_7)
FN:251,(anonymous_8)
FN:258,(anonymous_9)
FN:270,(anonymous_10)
FN:290,(anonymous_11)
FN:318,(anonymous_12)
FN:326,(anonymous_13)
FN:361,getAllowlist
FN:369,resetAllowlist
FNF:16
FNH:0
FNDA:0,(anonymous_0)
FNDA:0,(anonymous_1)
FNDA:0,(anonymous_2)
FNDA:0,(anonymous_3)
FNDA:0,(anonymous_4)
FNDA:0,(anonymous_5)
FNDA:0,(anonymous_6)
FNDA:0,(anonymous_7)
FNDA:0,(anonymous_8)
FNDA:0,(anonymous_9)
FNDA:0,(anonymous_10)
FNDA:0,(anonymous_11)
FNDA:0,(anonymous_12)
FNDA:0,(anonymous_13)
FNDA:0,getAllowlist
FNDA:0,resetAllowlist
DA:9,0
DA:10,0
DA:12,0
DA:14,0
DA:31,0
DA:48,0
DA:49,0
DA:57,0
DA:60,0
DA:61,0
DA:75,0
DA:76,0
DA:77,0
DA:78,0
DA:81,0
DA:82,0
DA:83,0
DA:85,0
DA:94,0
DA:103,0
DA:113,0
DA:133,0
DA:134,0
DA:135,0
DA:139,0
DA:142,0
DA:143,0
DA:144,0
DA:149,0
DA:150,0
DA:151,0
DA:156,0
DA:157,0
DA:159,0
DA:170,0
DA:171,0
DA:172,0
DA:176,0
DA:177,0
DA:178,0
DA:183,0
DA:184,0
DA:185,0
DA:190,0
DA:191,0
DA:193,0
DA:205,0
DA:206,0
DA:207,0
DA:211,0
DA:214,0
DA:215,0
DA:216,0
DA:221,0
DA:222,0
DA:223,0
DA:228,0
DA:229,0
DA:231,0
DA:238,0
DA:245,0
DA:252,0
DA:259,0
DA:260,0
DA:271,0
DA:274,0
DA:279,0
DA:280,0
DA:282,0
DA:292,0
DA:293,0
DA:296,0
DA:297,0
DA:304,0
DA:305,0
DA:309,0
DA:319,0
DA:320,0
DA:321,0
DA:323,0
DA:333,0
DA:334,0
DA:340,0
DA:343,0
DA:344,0
DA:347,0
DA:350,0
DA:356,0
DA:361,0
DA:362,0
DA:363,0
DA:369,0
DA:370,0
LF:93
LH:0
BRDA:59,0,0,0
BRDA:76,1,0,0
BRDA:76,1,1,0
BRDA:86,2,0,0
BRDA:86,2,1,0
BRDA:87,3,0,0
BRDA:87,3,1,0
BRDA:88,4,0,0
BRDA:88,4,1,0
BRDA:89,5,0,0
BRDA:89,5,1,0
BRDA:90,6,0,0
BRDA:90,6,1,0
BRDA:91,7,0,0
BRDA:91,7,1,0
BRDA:104,8,0,0
BRDA:104,8,1,0
BRDA:114,9,0,0
BRDA:114,9,1,0
BRDA:115,10,0,0
BRDA:115,10,1,0
BRDA:116,11,0,0
BRDA:116,11,1,0
BRDA:117,12,0,0
BRDA:117,12,1,0
BRDA:118,13,0,0
BRDA:118,13,1,0
BRDA:119,14,0,0
BRDA:119,14,1,0
BRDA:134,15,0,0
BRDA:134,15,1,0
BRDA:139,16,0,0
BRDA:139,16,1,0
BRDA:143,17,0,0
BRDA:143,17,1,0
BRDA:143,18,0,0
BRDA:143,18,1,0
BRDA:150,19,0,0
BRDA:150,19,1,0
BRDA:150,20,0,0
BRDA:150,20,1,0
BRDA:156,21,0,0
BRDA:156,21,1,0
BRDA:171,22,0,0
BRDA:171,22,1,0
BRDA:177,23,0,0
BRDA:177,23,1,0
BRDA:184,24,0,0
BRDA:184,24,1,0
BRDA:190,25,0,0
BRDA:190,25,1,0
BRDA:206,26,0,0
BRDA:206,26,1,0
BRDA:211,27,0,0
BRDA:211,27,1,0
BRDA:211,28,0,0
BRDA:211,28,1,0
BRDA:215,29,0,0
BRDA:215,29,1,0
BRDA:222,30,0,0
BRDA:222,30,1,0
BRDA:228,31,0,0
BRDA:228,31,1,0
BRDA:237,32,0,0
BRDA:271,33,0,0
BRDA:271,33,1,0
BRDA:296,34,0,0
BRDA:296,34,1,0
BRDA:298,35,0,0
BRDA:298,35,1,0
BRDA:304,36,0,0
BRDA:304,36,1,0
BRDA:310,37,0,0
BRDA:310,37,1,0
BRDA:319,38,0,0
BRDA:319,38,1,0
BRDA:321,39,0,0
BRDA:321,39,1,0
BRDA:333,40,0,0
BRDA:333,40,1,0
BRDA:343,41,0,0
BRDA:343,41,1,0
BRF:82
BRH:0
end_of_record
TN:
SF:src/security/capability-broker.ts
FN:126,createCapabilityBroker
FN:141,(anonymous_1)
FN:151,(anonymous_2)
FN:218,(anonymous_3)
FN:242,(anonymous_4)
FN:257,(anonymous_5)
FN:259,(anonymous_6)
FN:260,(anonymous_7)
FN:263,(anonymous_8)
FN:264,(anonymous_9)
FN:267,(anonymous_10)
FN:298,(anonymous_11)
FN:319,(anonymous_12)
FN:336,(anonymous_13)
FN:348,(anonymous_14)
FN:369,(anonymous_15)
FN:390,(anonymous_16)
FN:407,stripProtocol
FN:411,resourceMatches
FN:422,redactValue
FN:434,redactText
FN:441,isSensitiveKey
FN:453,resolveAuditPath
FNF:23
FNH:19
FNDA:9,createCapabilityBroker
FNDA:9,(anonymous_1)
FNDA:15,(anonymous_2)
FNDA:3,(anonymous_3)
FNDA:1,(anonymous_4)
FNDA:0,(anonymous_5)
FNDA:0,(anonymous_6)
FNDA:0,(anonymous_7)
FNDA:3,(anonymous_8)
FNDA:4,(anonymous_9)
FNDA:15,(anonymous_10)
FNDA:3,(anonymous_11)
FNDA:10,(anonymous_12)
FNDA:0,(anonymous_13)
FNDA:15,(anonymous_14)
FNDA:4,(anonymous_15)
FNDA:19,(anonymous_16)
FNDA:17,stripProtocol
FNDA:3,resourceMatches
FNDA:85,redactValue
FNDA:47,redactText
FNDA:66,isSensitiveKey
FNDA:1,resolveAuditPath
DA:1,3
DA:2,3
DA:3,3
DA:5,3
DA:122,3
DA:123,3
DA:124,3
DA:126,3
DA:127,9
DA:137,9
DA:138,9
DA:139,9
DA:142,9
DA:143,9
DA:144,9
DA:145,9
DA:146,9
DA:152,15
DA:153,15
DA:154,0
DA:160,0
DA:161,0
DA:164,15
DA:165,10
DA:166,5
DA:173,5
DA:174,5
DA:177,5
DA:181,0
DA:188,0
DA:189,0
DA:193,10
DA:194,10
DA:195,3
DA:203,3
DA:204,3
DA:207,7
DA:214,7
DA:215,7
DA:219,3
DA:220,3
DA:231,3
DA:232,3
DA:239,3
DA:243,1
DA:244,1
DA:246,1
DA:247,1
DA:248,1
DA:254,1
DA:258,0
DA:259,0
DA:260,0
DA:264,4
DA:268,15
DA:269,0
DA:272,15
DA:273,10
DA:274,10
DA:275,10
DA:284,5
DA:285,5
DA:286,5
DA:292,0
DA:299,3
DA:301,3
DA:302,1
DA:303,0
DA:304,0
DA:305,0
DA:308,1
DA:309,1
DA:312,2
DA:313,2
DA:316,0
DA:320,10
DA:321,4
DA:323,3
DA:324,0
DA:325,0
DA:328,3
DA:329,3
DA:333,7
DA:337,0
DA:339,0
DA:340,0
DA:349,15
DA:366,15
DA:376,4
DA:391,19
DA:392,19
DA:393,0
DA:395,19
DA:396,1
DA:397,1
DA:398,1
DA:403,19
DA:408,17
DA:412,3
DA:413,1
DA:414,1
DA:416,0
DA:417,0
DA:419,0
DA:423,85
DA:424,57
DA:425,57
DA:427,21
DA:428,21
DA:429,66
DA:431,21
DA:435,47
DA:442,66
DA:443,66
DA:454,1
DA:455,0
LF:116
LH:91
BRDA:144,0,0,9
BRDA:144,0,1,9
BRDA:146,1,0,1
BRDA:146,1,1,8
BRDA:153,2,0,0
BRDA:153,2,1,15
BRDA:164,3,0,10
BRDA:164,3,1,5
BRDA:165,4,0,5
BRDA:165,4,1,5
BRDA:177,5,0,0
BRDA:177,5,1,5
BRDA:178,6,0,5
BRDA:178,6,1,5
BRDA:194,7,0,3
BRDA:194,7,1,7
BRDA:210,8,0,4
BRDA:210,8,1,3
BRDA:228,9,0,3
BRDA:228,9,1,3
BRDA:228,10,0,1
BRDA:228,10,1,2
BRDA:244,11,0,0
BRDA:244,11,1,1
BRDA:244,12,0,1
BRDA:244,12,1,1
BRDA:257,13,0,0
BRDA:259,14,0,0
BRDA:259,14,1,0
BRDA:263,15,0,3
BRDA:268,16,0,0
BRDA:268,16,1,15
BRDA:268,17,0,15
BRDA:268,17,1,15
BRDA:272,18,0,10
BRDA:272,18,1,5
BRDA:277,19,0,10
BRDA:277,19,1,0
BRDA:278,20,0,10
BRDA:278,20,1,0
BRDA:284,21,0,5
BRDA:284,21,1,0
BRDA:299,22,0,0
BRDA:299,22,1,3
BRDA:299,23,0,3
BRDA:299,23,1,3
BRDA:301,24,0,1
BRDA:301,24,1,2
BRDA:302,25,0,0
BRDA:302,25,1,1
BRDA:302,26,0,1
BRDA:302,26,1,1
BRDA:305,27,0,0
BRDA:305,27,1,0
BRDA:309,28,0,1
BRDA:309,28,1,0
BRDA:312,29,0,2
BRDA:312,29,1,0
BRDA:313,30,0,1
BRDA:313,30,1,1
BRDA:321,31,0,1
BRDA:321,31,1,3
BRDA:323,32,0,0
BRDA:323,32,1,3
BRDA:323,33,0,3
BRDA:323,33,1,2
BRDA:328,34,0,3
BRDA:328,34,1,0
BRDA:328,35,0,3
BRDA:328,35,1,3
BRDA:328,35,2,3
BRDA:337,36,0,0
BRDA:337,36,1,0
BRDA:354,37,0,8
BRDA:354,37,1,7
BRDA:358,38,0,8
BRDA:358,38,1,7
BRDA:384,39,0,4
BRDA:384,39,1,0
BRDA:392,40,0,0
BRDA:392,40,1,19
BRDA:395,41,0,1
BRDA:395,41,1,18
BRDA:408,42,0,0
BRDA:408,42,1,17
BRDA:412,43,0,2
BRDA:412,43,1,1
BRDA:412,44,0,3
BRDA:412,44,1,3
BRDA:413,45,0,1
BRDA:413,45,1,0
BRDA:416,46,0,0
BRDA:416,46,1,0
BRDA:423,47,0,28
BRDA:423,47,1,57
BRDA:424,48,0,0
BRDA:424,48,1,57
BRDA:425,49,0,36
BRDA:425,49,1,21
BRDA:425,50,0,57
BRDA:425,50,1,23
BRDA:429,51,0,0
BRDA:429,51,1,66
BRDA:444,52,0,66
BRDA:444,52,1,66
BRDA:444,52,2,66
BRDA:444,52,3,66
BRDA:444,52,4,66
BRDA:444,52,5,66
BRDA:454,53,0,1
BRDA:454,53,1,0
BRDA:455,54,0,0
BRDA:455,54,1,0
BRF:113
BRH:82
end_of_record
TN:
SF:src/security/encrypted-secrets.ts
FN:45,getLogger
FN:57,deriveKey
FN:65,resolveMasterKey
FN:86,encrypt
FN:110,decrypt
FN:144,store
FN:151,(anonymous_6)
FN:189,retrieve
FN:194,(anonymous_8)
FN:224,removeSecret
FN:227,(anonymous_10)
FN:239,listSecrets
FN:242,(anonymous_12)
FN:248,hasSecret
FN:251,(anonymous_14)
FN:257,setVaultPath
FN:263,loadVault
FN:287,saveVault
FN:301,clearVaultCache
FNF:19
FNH:0
FNDA:0,getLogger
FNDA:0,deriveKey
FNDA:0,resolveMasterKey
FNDA:0,encrypt
FNDA:0,decrypt
FNDA:0,store
FNDA:0,(anonymous_6)
FNDA:0,retrieve
FNDA:0,(anonymous_8)
FNDA:0,removeSecret
FNDA:0,(anonymous_10)
FNDA:0,listSecrets
FNDA:0,(anonymous_12)
FNDA:0,hasSecret
FNDA:0,(anonymous_14)
FNDA:0,setVaultPath
FNDA:0,loadVault
FNDA:0,saveVault
FNDA:0,clearVaultCache
DA:9,0
DA:10,0
DA:11,0
DA:13,0
DA:34,0
DA:35,0
DA:36,0
DA:37,0
DA:38,0
DA:40,0
DA:46,0
DA:47,0
DA:49,0
DA:58,0
DA:66,0
DA:67,0
DA:68,0
DA:73,0
DA:86,0
DA:87,0
DA:88,0
DA:89,0
DA:90,0
DA:92,0
DA:93,0
DA:94,0
DA:96,0
DA:110,0
DA:111,0
DA:112,0
DA:113,0
DA:114,0
DA:117,0
DA:118,0
DA:119,0
DA:120,0
DA:124,0
DA:125,0
DA:127,0
DA:129,0
DA:134,0
DA:135,0
DA:144,0
DA:145,0
DA:146,0
DA:147,0
DA:149,0
DA:151,0
DA:154,0
DA:155,0
DA:156,0
DA:158,0
DA:159,0
DA:160,0
DA:162,0
DA:172,0
DA:173,0
DA:175,0
DA:178,0
DA:179,0
DA:189,0
DA:190,0
DA:191,0
DA:192,0
DA:194,0
DA:195,0
DA:196,0
DA:197,0
DA:200,0
DA:201,0
DA:204,0
DA:205,0
DA:207,0
DA:212,0
DA:214,0
DA:217,0
DA:224,0
DA:225,0
DA:226,0
DA:227,0
DA:228,0
DA:230,0
DA:231,0
DA:232,0
DA:233,0
DA:239,0
DA:240,0
DA:241,0
DA:242,0
DA:248,0
DA:249,0
DA:250,0
DA:251,0
DA:257,0
DA:258,0
DA:264,0
DA:265,0
DA:267,0
DA:268,0
DA:269,0
DA:272,0
DA:273,0
DA:274,0
DA:275,0
DA:280,0
DA:281,0
DA:284,0
DA:288,0
DA:289,0
DA:290,0
DA:291,0
DA:294,0
DA:295,0
DA:301,0
DA:302,0
LF:115
LH:0
BRDA:46,0,0,0
BRDA:46,0,1,0
BRDA:66,1,0,0
BRDA:66,1,1,0
BRDA:67,2,0,0
BRDA:67,2,1,0
BRDA:67,3,0,0
BRDA:67,3,1,0
BRDA:87,4,0,0
BRDA:87,4,1,0
BRDA:111,5,0,0
BRDA:111,5,1,0
BRDA:113,6,0,0
BRDA:113,6,1,0
BRDA:145,7,0,0
BRDA:145,7,1,0
BRDA:168,8,0,0
BRDA:168,8,1,0
BRDA:172,9,0,0
BRDA:172,9,1,0
BRDA:190,10,0,0
BRDA:190,10,1,0
BRDA:195,11,0,0
BRDA:195,11,1,0
BRDA:215,12,0,0
BRDA:215,12,1,0
BRDA:225,13,0,0
BRDA:225,13,1,0
BRDA:228,14,0,0
BRDA:228,14,1,0
BRDA:240,15,0,0
BRDA:240,15,1,0
BRDA:249,16,0,0
BRDA:249,16,1,0
BRDA:265,17,0,0
BRDA:265,17,1,0
BRDA:267,18,0,0
BRDA:267,18,1,0
BRDA:276,19,0,0
BRDA:276,19,1,0
BRDA:278,20,0,0
BRDA:278,20,1,0
BRDA:290,21,0,0
BRDA:290,21,1,0
BRF:44
BRH:0
end_of_record
TN:
SF:src/security/policy-engine.ts
FN:84,(anonymous_0)
FN:108,(anonymous_1)
FN:147,(anonymous_2)
FN:154,(anonymous_3)
FN:167,(anonymous_4)
FN:179,(anonymous_5)
FN:180,(anonymous_6)
FN:212,(anonymous_7)
FN:219,(anonymous_8)
FN:226,(anonymous_9)
FN:233,(anonymous_10)
FN:245,(anonymous_11)
FN:246,(anonymous_12)
FN:252,(anonymous_13)
FN:262,(anonymous_14)
FN:288,(anonymous_15)
FN:291,(anonymous_16)
FN:327,(anonymous_17)
FN:359,(anonymous_18)
FN:416,getPolicyEngine
FN:424,resetPolicyEngine
FNF:21
FNH:0
FNDA:0,(anonymous_0)
FNDA:0,(anonymous_1)
FNDA:0,(anonymous_2)
FNDA:0,(anonymous_3)
FNDA:0,(anonymous_4)
FNDA:0,(anonymous_5)
FNDA:0,(anonymous_6)
FNDA:0,(anonymous_7)
FNDA:0,(anonymous_8)
FNDA:0,(anonymous_9)
FNDA:0,(anonymous_10)
FNDA:0,(anonymous_11)
FNDA:0,(anonymous_12)
FNDA:0,(anonymous_13)
FNDA:0,(anonymous_14)
FNDA:0,(anonymous_15)
FNDA:0,(anonymous_16)
FNDA:0,(anonymous_17)
FNDA:0,(anonymous_18)
FNDA:0,getPolicyEngine
FNDA:0,resetPolicyEngine
DA:9,0
DA:10,0
DA:12,0
DA:14,0
DA:75,0
DA:76,0
DA:77,0
DA:78,0
DA:79,0
DA:81,0
DA:82,0
DA:85,0
DA:109,0
DA:110,0
DA:111,0
DA:112,0
DA:115,0
DA:116,0
DA:117,0
DA:123,0
DA:124,0
DA:125,0
DA:127,0
DA:131,0
DA:132,0
DA:133,0
DA:135,0
DA:138,0
DA:148,0
DA:155,0
DA:169,0
DA:170,0
DA:171,0
DA:172,0
DA:173,0
DA:178,0
DA:179,0
DA:180,0
DA:183,0
DA:184,0
DA:185,0
DA:193,0
DA:194,0
DA:199,0
DA:206,0
DA:213,0
DA:220,0
DA:227,0
DA:234,0
DA:235,0
DA:236,0
DA:237,0
DA:239,0
DA:246,0
DA:253,0
DA:254,0
DA:255,0
DA:256,0
DA:263,0
DA:264,0
DA:267,0
DA:268,0
DA:270,0
DA:271,0
DA:272,0
DA:273,0
DA:275,0
DA:276,0
DA:277,0
DA:278,0
DA:279,0
DA:283,0
DA:289,0
DA:291,0
DA:292,0
DA:294,0
DA:296,0
DA:299,0
DA:302,0
DA:305,0
DA:306,0
DA:307,0
DA:309,0
DA:313,0
DA:316,0
DA:319,0
DA:322,0
DA:328,0
DA:330,0
DA:331,0
DA:332,0
DA:334,0
DA:336,0
DA:338,0
DA:339,0
DA:340,0
DA:343,0
DA:345,0
DA:346,0
DA:347,0
DA:356,0
DA:360,0
DA:362,0
DA:370,0
DA:371,0
DA:372,0
DA:376,0
DA:377,0
DA:378,0
DA:379,0
DA:381,0
DA:388,0
DA:389,0
DA:390,0
DA:396,0
DA:398,0
DA:399,0
DA:401,0
DA:402,0
DA:404,0
DA:411,0
DA:416,0
DA:417,0
DA:418,0
DA:424,0
DA:425,0
LF:126
LH:0
BRDA:110,0,0,0
BRDA:110,0,1,0
BRDA:123,1,0,0
BRDA:123,1,1,0
BRDA:123,2,0,0
BRDA:123,2,1,0
BRDA:131,3,0,0
BRDA:131,3,1,0
BRDA:139,4,0,0
BRDA:139,4,1,0
BRDA:169,5,0,0
BRDA:169,5,1,0
BRDA:169,6,0,0
BRDA:169,6,1,0
BRDA:171,7,0,0
BRDA:171,7,1,0
BRDA:184,8,0,0
BRDA:184,8,1,0
BRDA:186,9,0,0
BRDA:186,9,1,0
BRDA:190,10,0,0
BRDA:190,10,1,0
BRDA:219,11,0,0
BRDA:236,12,0,0
BRDA:236,12,1,0
BRDA:254,13,0,0
BRDA:254,13,1,0
BRDA:264,14,0,0
BRDA:264,14,1,0
BRDA:272,15,0,0
BRDA:272,15,1,0
BRDA:277,16,0,0
BRDA:277,16,1,0
BRDA:289,17,0,0
BRDA:289,17,1,0
BRDA:289,18,0,0
BRDA:289,18,1,0
BRDA:294,19,0,0
BRDA:294,19,1,0
BRDA:294,19,2,0
BRDA:294,19,3,0
BRDA:294,19,4,0
BRDA:294,19,5,0
BRDA:294,19,6,0
BRDA:294,19,7,0
BRDA:302,20,0,0
BRDA:302,20,1,0
BRDA:305,21,0,0
BRDA:305,21,1,0
BRDA:313,22,0,0
BRDA:313,22,1,0
BRDA:316,23,0,0
BRDA:316,23,1,0
BRDA:319,24,0,0
BRDA:319,24,1,0
BRDA:331,25,0,0
BRDA:331,25,1,0
BRDA:336,26,0,0
BRDA:336,26,1,0
BRDA:336,27,0,0
BRDA:336,27,1,0
BRDA:345,28,0,0
BRDA:345,28,1,0
BRDA:360,29,0,0
BRDA:360,29,1,0
BRDA:371,30,0,0
BRDA:371,30,1,0
BRDA:376,31,0,0
BRDA:376,31,1,0
BRDA:382,32,0,0
BRDA:382,32,1,0
BRDA:388,33,0,0
BRDA:388,33,1,0
BRDA:389,34,0,0
BRDA:389,34,1,0
BRDA:396,35,0,0
BRDA:396,35,1,0
BRDA:396,35,2,0
BRF:78
BRH:0
end_of_record
TN:
SF:src/security/workspace-boundary.ts
FN:24,createWorkspaceBoundary
FN:29,(anonymous_1)
FN:52,(anonymous_2)
FN:63,deny
FN:72,canonicalize
FN:84,nearestExistingPath
FNF:6
FNH:6
FNDA:13,createWorkspaceBoundary
FNDA:16,(anonymous_1)
FNDA:1,(anonymous_2)
FNDA:2,deny
FNDA:27,canonicalize
FNDA:27,nearestExistingPath
DA:1,4
DA:2,4
DA:24,4
DA:25,13
DA:27,13
DA:30,16
DA:31,0
DA:34,16
DA:35,2
DA:38,14
DA:39,14
DA:40,14
DA:42,14
DA:44,14
DA:53,1
DA:54,1
DA:55,1
DA:58,0
DA:69,2
DA:73,27
DA:74,27
DA:75,27
DA:77,27
DA:78,27
DA:80,7
DA:81,7
DA:85,27
DA:87,27
DA:88,10
DA:89,10
DA:90,10
DA:93,27
LF:32
LH:30
BRDA:25,0,0,13
BRDA:25,0,1,0
BRDA:30,1,0,0
BRDA:30,1,1,16
BRDA:34,2,0,2
BRDA:34,2,1,14
BRDA:34,3,0,16
BRDA:34,3,1,15
BRDA:38,4,0,9
BRDA:38,4,1,5
BRDA:42,5,0,14
BRDA:42,5,1,14
BRDA:42,5,2,6
BRDA:46,6,0,6
BRDA:46,6,1,8
BRDA:54,7,0,1
BRDA:54,7,1,0
BRDA:75,8,0,0
BRDA:75,8,1,27
BRDA:78,9,0,20
BRDA:78,9,1,7
BRDA:81,10,0,7
BRDA:81,10,1,0
BRDA:89,11,0,0
BRDA:89,11,1,10
BRF:25
BRH:19
end_of_record
TN:
SF:src/utils/async.ts
FN:9,retry
FN:31,retryWithBackoff
FN:60,(anonymous_2)
FN:66,timeout
FN:68,(anonymous_4)
FN:69,(anonymous_5)
FN:82,debounce
FN:87,(anonymous_7)
FN:89,(anonymous_8)
FN:97,sleep
FN:98,(anonymous_10)
FNF:11
FNH:0
FNDA:0,retry
FNDA:0,retryWithBackoff
FNDA:0,(anonymous_2)
FNDA:0,timeout
FNDA:0,(anonymous_4)
FNDA:0,(anonymous_5)
FNDA:0,debounce
FNDA:0,(anonymous_7)
FNDA:0,(anonymous_8)
FNDA:0,sleep
FNDA:0,(anonymous_10)
DA:9,0
DA:15,0
DA:16,0
DA:17,0
DA:19,0
DA:20,0
DA:21,0
DA:25,0
DA:31,0
DA:39,0
DA:40,0
DA:41,0
DA:43,0
DA:44,0
DA:45,0
DA:46,0
DA:47,0
DA:48,0
DA:52,0
DA:58,0
DA:59,0
DA:60,0
DA:61,0
DA:62,0
DA:66,0
DA:68,0
DA:69,0
DA:71,0
DA:72,0
DA:74,0
DA:82,0
DA:86,0
DA:87,0
DA:88,0
DA:89,0
DA:90,0
DA:91,0
DA:97,0
DA:98,0
LF:39
LH:0
BRDA:11,0,0,0
BRDA:12,1,0,0
BRDA:20,2,0,0
BRDA:20,2,1,0
BRDA:20,3,0,0
BRDA:20,3,1,0
BRDA:33,4,0,0
BRDA:34,5,0,0
BRDA:35,6,0,0
BRDA:36,7,0,0
BRDA:44,8,0,0
BRDA:44,8,1,0
BRDA:88,9,0,0
BRDA:88,9,1,0
BRF:14
BRH:0
end_of_record
TN:
SF:src/utils/format.ts
FN:8,formatBytes
FN:19,formatDuration
FN:39,formatDate
FN:50,truncate
FNF:4
FNH:0
FNDA:0,formatBytes
FNDA:0,formatDuration
FNDA:0,formatDate
FNDA:0,truncate
DA:8,0
DA:9,0
DA:10,0
DA:11,0
DA:12,0
DA:13,0
DA:19,0
DA:20,0
DA:21,0
DA:22,0
DA:23,0
DA:24,0
DA:25,0
DA:26,0
DA:28,0
DA:29,0
DA:30,0
DA:31,0
DA:33,0
DA:39,0
DA:40,0
DA:41,0
DA:42,0
DA:43,0
DA:44,0
DA:50,0
DA:51,0
DA:52,0
LF:28
LH:0
BRDA:8,0,0,0
BRDA:9,1,0,0
BRDA:9,1,1,0
BRDA:20,2,0,0
BRDA:20,2,1,0
BRDA:22,3,0,0
BRDA:22,3,1,0
BRDA:25,4,0,0
BRDA:25,4,1,0
BRDA:26,5,0,0
BRDA:26,5,1,0
BRDA:30,6,0,0
BRDA:30,6,1,0
BRDA:39,7,0,0
BRDA:40,8,0,0
BRDA:40,8,1,0
BRDA:41,9,0,0
BRDA:41,9,1,0
BRDA:42,10,0,0
BRDA:42,10,1,0
BRDA:43,11,0,0
BRDA:43,11,1,0
BRDA:50,12,0,0
BRDA:51,13,0,0
BRDA:51,13,1,0
BRF:25
BRH:0
end_of_record
TN:
SF:src/utils/id.ts
FN:10,generateId
FN:18,generateSecureId
FN:25,hashString
FN:30,randomUUID
FNF:4
FNH:0
FNDA:0,generateId
FNDA:0,generateSecureId
FNDA:0,hashString
FNDA:0,randomUUID
DA:5,0
DA:10,0
DA:11,0
DA:18,0
DA:19,0
DA:25,0
DA:26,0
DA:31,0
DA:32,0
DA:33,0
DA:34,0
DA:35,0
LF:12
LH:0
BRDA:18,0,0,0
BRDA:25,1,0,0
BRF:2
BRH:0
end_of_record
TN:
SF:src/utils/modelDiscovery.ts
FN:25,fetchModelList
FN:55,(anonymous_1)
FN:64,formatCtx
FN:71,formatPrice
FN:84,discoverModels
FN:93,(anonymous_5)
FN:94,(anonymous_6)
FN:103,(anonymous_7)
FNF:8
FNH:0
FNDA:0,fetchModelList
FNDA:0,(anonymous_1)
FNDA:0,formatCtx
FNDA:0,formatPrice
FNDA:0,discoverModels
FNDA:0,(anonymous_5)
FNDA:0,(anonymous_6)
FNDA:0,(anonymous_7)
DA:29,0
DA:30,0
DA:33,0
DA:34,0
DA:37,0
DA:43,0
DA:44,0
DA:47,0
DA:54,0
DA:55,0
DA:61,0
DA:65,0
DA:66,0
DA:67,0
DA:68,0
DA:72,0
DA:73,0
DA:74,0
DA:75,0
DA:76,0
DA:77,0
DA:84,0
DA:88,0
DA:89,0
DA:92,0
DA:93,0
DA:95,0
DA:96,0
DA:97,0
DA:98,0
DA:99,0
DA:103,0
DA:111,0
LF:33
LH:0
BRDA:33,0,0,0
BRDA:33,0,1,0
BRDA:43,1,0,0
BRDA:43,1,1,0
BRDA:54,2,0,0
BRDA:54,2,1,0
BRDA:61,3,0,0
BRDA:61,3,1,0
BRDA:65,4,0,0
BRDA:65,4,1,0
BRDA:66,5,0,0
BRDA:66,5,1,0
BRDA:67,6,0,0
BRDA:67,6,1,0
BRDA:72,7,0,0
BRDA:72,7,1,0
BRDA:73,8,0,0
BRDA:73,8,1,0
BRDA:74,9,0,0
BRDA:74,9,1,0
BRDA:74,10,0,0
BRDA:74,10,1,0
BRDA:76,11,0,0
BRDA:76,11,1,0
BRDA:93,12,0,0
BRDA:93,12,1,0
BRDA:95,13,0,0
BRDA:95,13,1,0
BRDA:96,14,0,0
BRDA:96,14,1,0
BRDA:97,15,0,0
BRDA:97,15,1,0
BRDA:97,16,0,0
BRDA:97,16,1,0
BRDA:98,17,0,0
BRDA:98,17,1,0
BRDA:98,18,0,0
BRDA:98,18,1,0
BRDA:99,19,0,0
BRDA:99,19,1,0
BRDA:99,20,0,0
BRDA:99,20,1,0
BRDA:108,21,0,0
BRDA:108,21,1,0
BRF:44
BRH:0
end_of_record
TN:
SF:src/utils/object.ts
FN:8,parseJsonSafe
FN:19,deepClone
FN:33,deepMerge
FN:60,omit
FN:66,(anonymous_4)
FN:73,pick
FNF:6
FNH:0
FNDA:0,parseJsonSafe
FNDA:0,deepClone
FNDA:0,deepMerge
FNDA:0,omit
FNDA:0,(anonymous_4)
FNDA:0,pick
DA:8,0
DA:9,0
DA:10,0
DA:12,0
DA:19,0
DA:20,0
DA:21,0
DA:22,0
DA:23,0
DA:24,0
DA:25,0
DA:27,0
DA:33,0
DA:34,0
DA:35,0
DA:36,0
DA:37,0
DA:38,0
DA:46,0
DA:50,0
DA:51,0
DA:54,0
DA:60,0
DA:64,0
DA:65,0
DA:66,0
DA:73,0
DA:77,0
DA:78,0
DA:79,0
DA:80,0
DA:83,0
LF:32
LH:0
BRDA:20,0,0,0
BRDA:20,0,1,0
BRDA:20,1,0,0
BRDA:20,1,1,0
BRDA:21,2,0,0
BRDA:21,2,1,0
BRDA:22,3,0,0
BRDA:22,3,1,0
BRDA:38,4,0,0
BRDA:38,4,1,0
BRDA:39,5,0,0
BRDA:39,5,1,0
BRDA:39,5,2,0
BRDA:39,5,3,0
BRDA:39,5,4,0
BRDA:39,5,5,0
BRDA:50,6,0,0
BRDA:50,6,1,0
BRDA:79,7,0,0
BRDA:79,7,1,0
BRF:20
BRH:0
end_of_record
TN:
SF:src/utils/validation.ts
FN:11,isValidUrl
FN:25,isSafePath
FN:35,isEmail
FNF:3
FNH:0
FNDA:0,isValidUrl
FNDA:0,isSafePath
FNDA:0,isEmail
DA:5,0
DA:6,0
DA:11,0
DA:12,0
DA:13,0
DA:14,0
DA:15,0
DA:17,0
DA:25,0
DA:26,0
DA:27,0
DA:28,0
DA:29,0
DA:35,0
DA:36,0
DA:37,0
LF:16
LH:0
BRDA:12,0,0,0
BRDA:12,0,1,0
BRDA:15,1,0,0
BRDA:15,1,1,0
BRDA:26,2,0,0
BRDA:26,2,1,0
BRDA:27,3,0,0
BRDA:27,3,1,0
BRDA:28,4,0,0
BRDA:28,4,1,0
BRDA:36,5,0,0
BRDA:36,5,1,0
BRF:12
BRH:0
end_of_record
